<?xml version="1.0" encoding="utf-8"?>
<CoverageSession xmlns:xsd="http://www.w3.org/2001/XMLSchema" xmlns:xsi="http://www.w3.org/2001/XMLSchema-instance" Version="4.7.922.0">
  <Summary numSequencePoints="416" visitedSequencePoints="385" numBranchPoints="89" visitedBranchPoints="83" sequenceCoverage="92.55" branchCoverage="93.26" maxCyclomaticComplexity="7" minCyclomaticComplexity="0" maxCrapScore="12" minCrapScore="0" visitedClasses="5" numClasses="5" visitedMethods="35" numMethods="39" />
  <Modules>
    <Module skippedDueTo="Filter" hash="02-28-F9-A5-3F-F3-AB-D7-0C-71-1B-86-B4-89-71-83-07-EE-BA-05">
      <ModulePath>c:\program files\dotnet\shared\Microsoft.NETCore.App\5.0.0\System.Private.CoreLib.dll</ModulePath>
      <ModuleTime>2020-10-19T22:10:06Z</ModuleTime>
      <ModuleName>System.Private.CoreLib</ModuleName>
      <Classes />
    </Module>
    <Module skippedDueTo="MissingPdb" hash="FB-C7-1B-DB-BA-A8-01-3F-25-40-60-E9-C3-73-BA-69-17-20-F2-B0">
      <ModulePath>c:\program files\dotnet\sdk\5.0.100\dotnet.dll</ModulePath>
      <ModuleTime>2020-10-27T06:54:26Z</ModuleTime>
      <ModuleName>dotnet</ModuleName>
      <Classes />
    </Module>
    <Module skippedDueTo="Filter" hash="A4-8E-A9-B3-A8-87-80-FF-48-98-58-BC-02-CA-42-CE-96-9F-A5-93">
      <ModulePath>c:\program files\dotnet\shared\Microsoft.NETCore.App\5.0.0\System.Runtime.dll</ModulePath>
      <ModuleTime>2020-10-19T22:15:36Z</ModuleTime>
      <ModuleName>System.Runtime</ModuleName>
      <Classes />
    </Module>
    <Module skippedDueTo="MissingPdb" hash="02-22-1B-CE-0E-56-5E-DB-85-C8-7F-16-19-76-18-E6-20-94-E4-25">
      <ModulePath>c:\program files\dotnet\sdk\5.0.100\Microsoft.DotNet.Cli.Utils.dll</ModulePath>
      <ModuleTime>2020-10-27T06:54:58Z</ModuleTime>
      <ModuleName>Microsoft.DotNet.Cli.Utils</ModuleName>
      <Classes />
    </Module>
    <Module skippedDueTo="Filter" hash="AE-17-29-D5-95-9C-B5-59-32-6A-CA-48-80-36-08-44-BD-1F-7A-02">
      <ModulePath>c:\program files\dotnet\shared\Microsoft.NETCore.App\5.0.0\System.Runtime.Loader.dll</ModulePath>
      <ModuleTime>2020-10-19T22:14:40Z</ModuleTime>
      <ModuleName>System.Runtime.Loader</ModuleName>
      <Classes />
    </Module>
    <Module skippedDueTo="Filter" hash="DD-08-61-4E-E3-E4-14-45-3A-29-F7-E2-BC-EF-3F-54-8C-EF-15-37">
      <ModulePath>c:\program files\dotnet\shared\Microsoft.NETCore.App\5.0.0\System.Runtime.InteropServices.RuntimeInformation.dll</ModulePath>
      <ModuleTime>2020-10-19T22:14:42Z</ModuleTime>
      <ModuleName>System.Runtime.InteropServices.RuntimeInformation</ModuleName>
      <Classes />
    </Module>
    <Module skippedDueTo="Filter" hash="7A-C8-00-A9-4A-F0-DA-43-C7-8B-3C-34-11-AA-21-D4-5C-CF-91-1D">
      <ModulePath>c:\program files\dotnet\shared\Microsoft.NETCore.App\5.0.0\System.IO.FileSystem.dll</ModulePath>
      <ModuleTime>2020-10-19T22:14:28Z</ModuleTime>
      <ModuleName>System.IO.FileSystem</ModuleName>
      <Classes />
    </Module>
    <Module skippedDueTo="Filter" hash="72-79-CD-97-C3-F7-F4-75-36-29-E2-1C-B8-23-4E-40-82-B1-F8-90">
      <ModulePath>c:\program files\dotnet\shared\Microsoft.NETCore.App\5.0.0\System.Runtime.InteropServices.dll</ModulePath>
      <ModuleTime>2020-10-19T22:15:10Z</ModuleTime>
      <ModuleName>System.Runtime.InteropServices</ModuleName>
      <Classes />
    </Module>
    <Module skippedDueTo="Filter" hash="E0-56-69-A7-82-F3-9F-FB-2E-09-D9-D4-30-FA-C1-82-74-3D-B1-46">
      <ModulePath>c:\program files\dotnet\shared\Microsoft.NETCore.App\5.0.0\System.Memory.dll</ModulePath>
      <ModuleTime>2020-10-19T22:14:32Z</ModuleTime>
      <ModuleName>System.Memory</ModuleName>
      <Classes />
    </Module>
    <Module skippedDueTo="Filter" hash="B2-AB-E3-89-06-42-27-62-AF-0E-D1-C3-A5-E2-53-A2-82-16-0F-AB">
      <ModulePath>c:\program files\dotnet\shared\Microsoft.NETCore.App\5.0.0\System.Text.Encoding.CodePages.dll</ModulePath>
      <ModuleTime>2020-10-19T22:15:12Z</ModuleTime>
      <ModuleName>System.Text.Encoding.CodePages</ModuleName>
      <Classes />
    </Module>
    <Module skippedDueTo="Filter" hash="CF-27-53-8B-23-74-2B-4F-EC-21-31-83-C3-95-23-64-19-AA-C5-97">
      <ModulePath>c:\program files\dotnet\shared\Microsoft.NETCore.App\5.0.0\System.Collections.dll</ModulePath>
      <ModuleTime>2020-10-19T22:14:22Z</ModuleTime>
      <ModuleName>System.Collections</ModuleName>
      <Classes />
    </Module>
    <Module skippedDueTo="Filter" hash="48-FF-37-2E-76-C6-1A-35-14-61-9D-3D-21-40-E8-FB-88-74-B4-73">
      <ModulePath>c:\program files\dotnet\shared\Microsoft.NETCore.App\5.0.0\System.Threading.dll</ModulePath>
      <ModuleTime>2020-10-19T22:15:14Z</ModuleTime>
      <ModuleName>System.Threading</ModuleName>
      <Classes />
    </Module>
    <Module skippedDueTo="Filter" hash="59-67-3C-A1-27-65-FA-E5-5B-98-3A-22-4F-1E-46-FE-63-23-64-A3">
      <ModulePath>c:\program files\dotnet\shared\Microsoft.NETCore.App\5.0.0\System.Collections.Concurrent.dll</ModulePath>
      <ModuleTime>2020-10-19T22:14:22Z</ModuleTime>
      <ModuleName>System.Collections.Concurrent</ModuleName>
      <Classes />
    </Module>
    <Module skippedDueTo="Filter" hash="79-CE-21-28-C4-70-8F-51-25-40-5A-E2-6B-43-E6-0A-83-10-D6-AD">
      <ModulePath>c:\program files\dotnet\shared\Microsoft.NETCore.App\5.0.0\System.Threading.Thread.dll</ModulePath>
      <ModuleTime>2020-10-19T22:14:46Z</ModuleTime>
      <ModuleName>System.Threading.Thread</ModuleName>
      <Classes />
    </Module>
    <Module skippedDueTo="MissingPdb" hash="4B-C5-A2-D8-A5-B4-0D-CF-53-77-11-B2-64-3D-D4-85-02-66-59-46">
      <ModulePath>c:\program files\dotnet\sdk\5.0.100\Microsoft.DotNet.Configurer.dll</ModulePath>
      <ModuleTime>2020-10-27T06:54:28Z</ModuleTime>
      <ModuleName>Microsoft.DotNet.Configurer</ModuleName>
      <Classes />
    </Module>
    <Module skippedDueTo="MissingPdb" hash="BC-84-E8-E4-70-3D-1F-E1-ED-9A-F4-A3-7C-9C-3D-69-A8-B7-7E-B1">
      <ModulePath>c:\program files\dotnet\sdk\5.0.100\Microsoft.DotNet.Cli.CommandLine.dll</ModulePath>
      <ModuleTime>2020-10-27T06:54:28Z</ModuleTime>
      <ModuleName>Microsoft.DotNet.Cli.CommandLine</ModuleName>
      <Classes />
    </Module>
    <Module skippedDueTo="MissingPdb" hash="67-31-1B-63-D2-3F-D5-29-D8-D2-40-60-CF-5C-85-FD-7A-94-27-51">
      <ModulePath>c:\program files\dotnet\sdk\5.0.100\Microsoft.DotNet.InternalAbstractions.dll</ModulePath>
      <ModuleTime>2020-10-27T06:54:28Z</ModuleTime>
      <ModuleName>Microsoft.DotNet.InternalAbstractions</ModuleName>
      <Classes />
    </Module>
    <Module skippedDueTo="MissingPdb" hash="B6-0D-38-ED-5B-CB-35-F6-64-68-A4-3D-C4-34-9D-FA-97-0B-1C-02">
      <ModulePath>c:\program files\dotnet\shared\Microsoft.NETCore.App\5.0.0\netstandard.dll</ModulePath>
      <ModuleTime>2020-10-19T22:14:58Z</ModuleTime>
      <ModuleName>netstandard</ModuleName>
      <Classes />
    </Module>
    <Module skippedDueTo="Filter" hash="E6-84-21-9D-B7-67-08-08-C8-23-E3-EF-D5-38-6C-FC-94-A2-C9-BF">
      <ModulePath>c:\program files\dotnet\shared\Microsoft.NETCore.App\5.0.0\System.Linq.dll</ModulePath>
      <ModuleTime>2020-10-19T22:14:32Z</ModuleTime>
      <ModuleName>System.Linq</ModuleName>
      <Classes />
    </Module>
    <Module skippedDueTo="MissingPdb" hash="9C-DE-4A-6F-DA-8F-EB-91-B5-6F-CF-3B-72-64-B3-33-75-62-3A-C0">
      <ModulePath>c:\program files\dotnet\sdk\5.0.100\NuGet.Frameworks.dll</ModulePath>
      <ModuleTime>2020-10-27T06:54:12Z</ModuleTime>
      <ModuleName>NuGet.Frameworks</ModuleName>
      <Classes />
    </Module>
    <Module skippedDueTo="Filter" hash="A0-AC-AB-3B-DE-38-E0-09-11-B2-E6-35-50-00-3F-98-C4-32-FB-63">
      <ModulePath>c:\program files\dotnet\shared\Microsoft.NETCore.App\5.0.0\System.Console.dll</ModulePath>
      <ModuleTime>2020-10-19T22:15:52Z</ModuleTime>
      <ModuleName>System.Console</ModuleName>
      <Classes />
    </Module>
    <Module skippedDueTo="Filter" hash="44-DC-AC-10-11-A8-87-47-18-29-D4-08-91-38-B9-12-6E-70-8E-13">
      <ModulePath>c:\program files\dotnet\shared\Microsoft.NETCore.App\5.0.0\System.Text.Encoding.Extensions.dll</ModulePath>
      <ModuleTime>2020-10-19T22:15:36Z</ModuleTime>
      <ModuleName>System.Text.Encoding.Extensions</ModuleName>
      <Classes />
    </Module>
    <Module skippedDueTo="Filter" hash="BF-EF-37-A7-B4-D7-5C-5C-1D-E1-92-D8-0D-8F-34-EF-BD-3B-53-0A">
      <ModulePath>c:\program files\dotnet\shared\Microsoft.NETCore.App\5.0.0\System.Runtime.CompilerServices.Unsafe.dll</ModulePath>
      <ModuleTime>2020-10-19T22:15:08Z</ModuleTime>
      <ModuleName>System.Runtime.CompilerServices.Unsafe</ModuleName>
      <Classes />
    </Module>
    <Module skippedDueTo="MissingPdb" hash="CF-8E-DE-64-B9-74-DC-EC-32-D6-FF-00-C5-5F-E1-15-0C-83-13-3E">
      <ModulePath>c:\program files\dotnet\sdk\5.0.100\Microsoft.ApplicationInsights.dll</ModulePath>
      <ModuleTime>2020-10-27T06:54:24Z</ModuleTime>
      <ModuleName>Microsoft.ApplicationInsights</ModuleName>
      <Classes />
    </Module>
    <Module skippedDueTo="Filter" hash="F7-C6-A8-BF-69-A6-DD-46-D4-EC-3B-18-95-68-C4-E1-4E-EE-44-9F">
      <ModulePath>c:\program files\dotnet\shared\Microsoft.NETCore.App\5.0.0\System.Private.Uri.dll</ModulePath>
      <ModuleTime>2020-10-19T22:17:04Z</ModuleTime>
      <ModuleName>System.Private.Uri</ModuleName>
      <Classes />
    </Module>
    <Module skippedDueTo="Filter" hash="97-55-F7-5B-93-43-58-AA-A9-6B-D0-F3-71-B0-07-3E-B3-FB-74-B8">
      <ModulePath>c:\program files\dotnet\shared\Microsoft.NETCore.App\5.0.0\System.Reflection.Extensions.dll</ModulePath>
      <ModuleTime>2020-10-19T22:15:08Z</ModuleTime>
      <ModuleName>System.Reflection.Extensions</ModuleName>
      <Classes />
    </Module>
    <Module skippedDueTo="Filter" hash="8C-35-F8-5A-A2-33-10-3F-B9-56-F4-13-66-6C-96-09-B5-D5-48-39">
      <ModulePath>c:\program files\dotnet\shared\Microsoft.NETCore.App\5.0.0\System.Reflection.dll</ModulePath>
      <ModuleTime>2020-10-19T22:14:38Z</ModuleTime>
      <ModuleName>System.Reflection</ModuleName>
      <Classes />
    </Module>
    <Module skippedDueTo="Filter" hash="17-8A-8C-21-F5-73-E0-8E-A7-ED-33-98-EE-86-23-75-50-77-55-78">
      <ModulePath>c:\program files\dotnet\shared\Microsoft.NETCore.App\5.0.0\System.Xml.XDocument.dll</ModulePath>
      <ModuleTime>2020-10-19T22:14:16Z</ModuleTime>
      <ModuleName>System.Xml.XDocument</ModuleName>
      <Classes />
    </Module>
    <Module skippedDueTo="Filter" hash="38-89-E3-4F-72-A3-0F-CF-54-EC-94-74-EB-6E-E5-94-92-0E-40-AF">
      <ModulePath>c:\program files\dotnet\shared\Microsoft.NETCore.App\5.0.0\System.Private.Xml.Linq.dll</ModulePath>
      <ModuleTime>2020-10-19T22:15:10Z</ModuleTime>
      <ModuleName>System.Private.Xml.Linq</ModuleName>
      <Classes />
    </Module>
    <Module skippedDueTo="Filter" hash="C3-2B-92-9F-4D-3A-C7-2A-07-6F-D0-DC-E3-F0-AD-2D-5E-87-06-A6">
      <ModulePath>c:\program files\dotnet\shared\Microsoft.NETCore.App\5.0.0\System.Security.Cryptography.Algorithms.dll</ModulePath>
      <ModuleTime>2020-10-19T22:16:22Z</ModuleTime>
      <ModuleName>System.Security.Cryptography.Algorithms</ModuleName>
      <Classes />
    </Module>
    <Module skippedDueTo="Filter" hash="A3-A3-1D-73-B0-90-BB-F1-73-87-2B-22-AD-06-83-00-1E-C2-A3-E6">
      <ModulePath>c:\program files\dotnet\shared\Microsoft.NETCore.App\5.0.0\System.Security.Cryptography.Primitives.dll</ModulePath>
      <ModuleTime>2020-10-19T22:14:44Z</ModuleTime>
      <ModuleName>System.Security.Cryptography.Primitives</ModuleName>
      <Classes />
    </Module>
    <Module skippedDueTo="Filter" hash="99-1B-9F-BB-17-7F-2A-55-29-95-D9-35-BE-3F-62-FA-41-B5-C4-2C">
      <ModulePath>c:\program files\dotnet\shared\Microsoft.NETCore.App\5.0.0\System.Private.Xml.dll</ModulePath>
      <ModuleTime>2020-10-19T22:16:24Z</ModuleTime>
      <ModuleName>System.Private.Xml</ModuleName>
      <Classes />
    </Module>
    <Module skippedDueTo="MissingPdb" hash="DB-F2-87-3A-CD-82-1A-6B-8C-BC-D2-C4-1D-74-00-34-A3-40-D0-61">
      <ModulePath>c:\program files\dotnet\sdk\5.0.100\Microsoft.TemplateEngine.Cli.dll</ModulePath>
      <ModuleTime>2020-10-27T06:54:30Z</ModuleTime>
      <ModuleName>Microsoft.TemplateEngine.Cli</ModuleName>
      <Classes />
    </Module>
    <Module skippedDueTo="Filter" hash="19-E8-9C-3F-51-C3-D8-04-8E-1D-2F-E1-DE-26-9F-89-06-F2-91-A4">
      <ModulePath>c:\program files\dotnet\shared\Microsoft.NETCore.App\5.0.0\System.Runtime.Extensions.dll</ModulePath>
      <ModuleTime>2020-10-19T22:14:42Z</ModuleTime>
      <ModuleName>System.Runtime.Extensions</ModuleName>
      <Classes />
    </Module>
    <Module skippedDueTo="Filter" hash="C1-F4-E2-BA-BB-2B-A3-43-6D-4E-D6-AA-3D-E8-C1-88-F2-6A-54-06">
      <ModulePath>c:\program files\dotnet\shared\Microsoft.NETCore.App\5.0.0\System.Xml.ReaderWriter.dll</ModulePath>
      <ModuleTime>2020-10-19T22:14:38Z</ModuleTime>
      <ModuleName>System.Xml.ReaderWriter</ModuleName>
      <Classes />
    </Module>
    <Module skippedDueTo="Filter" hash="06-0A-22-F6-9E-41-3B-47-E6-B0-C2-A8-E9-BF-2F-9B-20-0C-45-75">
      <ModulePath>c:\program files\dotnet\shared\Microsoft.NETCore.App\5.0.0\System.Diagnostics.Tracing.dll</ModulePath>
      <ModuleTime>2020-10-19T22:14:56Z</ModuleTime>
      <ModuleName>System.Diagnostics.Tracing</ModuleName>
      <Classes />
    </Module>
    <Module skippedDueTo="Filter" hash="5F-40-05-FB-C2-FD-BC-B9-32-ED-10-69-78-25-1B-9A-0C-EA-44-C5">
      <ModulePath>c:\program files\dotnet\shared\Microsoft.NETCore.App\5.0.0\System.Net.Http.dll</ModulePath>
      <ModuleTime>2020-10-19T22:15:02Z</ModuleTime>
      <ModuleName>System.Net.Http</ModuleName>
      <Classes />
    </Module>
    <Module skippedDueTo="Filter" hash="6A-32-E3-4B-6A-D8-6C-F4-7F-76-96-EB-E4-52-F2-C6-8B-7F-E5-2D">
      <ModulePath>c:\program files\dotnet\shared\Microsoft.NETCore.App\5.0.0\System.Threading.Tasks.dll</ModulePath>
      <ModuleTime>2020-10-19T22:14:46Z</ModuleTime>
      <ModuleName>System.Threading.Tasks</ModuleName>
      <Classes />
    </Module>
    <Module skippedDueTo="Filter" hash="DD-03-8F-93-64-72-9C-D1-4A-EF-6A-35-CF-E2-0A-96-9F-71-0A-E8">
      <ModulePath>c:\program files\dotnet\shared\Microsoft.NETCore.App\5.0.0\System.Globalization.dll</ModulePath>
      <ModuleTime>2020-10-19T22:13:58Z</ModuleTime>
      <ModuleName>System.Globalization</ModuleName>
      <Classes />
    </Module>
    <Module skippedDueTo="Filter" hash="51-23-45-52-ED-2D-B8-28-71-EF-4C-AE-C2-4F-3C-8D-D9-67-DB-11">
      <ModulePath>c:\program files\dotnet\shared\Microsoft.NETCore.App\5.0.0\System.Net.Primitives.dll</ModulePath>
      <ModuleTime>2020-10-19T22:15:04Z</ModuleTime>
      <ModuleName>System.Net.Primitives</ModuleName>
      <Classes />
    </Module>
    <Module skippedDueTo="Filter" hash="5C-83-6D-6A-04-12-21-BE-93-5D-60-38-31-20-6F-23-F3-64-1E-DB">
      <ModulePath>c:\program files\dotnet\shared\Microsoft.NETCore.App\5.0.0\System.Net.Security.dll</ModulePath>
      <ModuleTime>2020-10-19T22:15:28Z</ModuleTime>
      <ModuleName>System.Net.Security</ModuleName>
      <Classes />
    </Module>
    <Module skippedDueTo="Filter" hash="33-FF-8C-53-D8-AD-9F-61-FE-38-98-2C-20-04-7A-FA-B3-D5-6A-AC">
      <ModulePath>c:\program files\dotnet\shared\Microsoft.NETCore.App\5.0.0\System.Text.RegularExpressions.dll</ModulePath>
      <ModuleTime>2020-10-19T22:15:12Z</ModuleTime>
      <ModuleName>System.Text.RegularExpressions</ModuleName>
      <Classes />
    </Module>
    <Module skippedDueTo="Filter" hash="93-E0-3B-C3-E9-FE-E6-6F-B1-94-E0-B7-4B-4B-99-03-69-DB-3A-AD">
      <ModulePath>c:\program files\dotnet\shared\Microsoft.NETCore.App\5.0.0\System.Diagnostics.DiagnosticSource.dll</ModulePath>
      <ModuleTime>2020-10-19T22:14:24Z</ModuleTime>
      <ModuleName>System.Diagnostics.DiagnosticSource</ModuleName>
      <Classes />
    </Module>
    <Module skippedDueTo="Filter" hash="30-99-38-E2-F4-CD-CE-AE-B8-89-59-70-5A-F6-06-BA-95-C2-5B-FA">
      <ModulePath>c:\program files\dotnet\shared\Microsoft.NETCore.App\5.0.0\System.Reflection.Emit.ILGeneration.dll</ModulePath>
      <ModuleTime>2020-10-19T22:15:10Z</ModuleTime>
      <ModuleName>System.Reflection.Emit.ILGeneration</ModuleName>
      <Classes />
    </Module>
    <Module skippedDueTo="Filter" hash="ED-97-C1-EA-4B-0E-45-F5-E4-DC-BB-B9-E1-59-1E-5C-78-C0-75-7A">
      <ModulePath>c:\program files\dotnet\shared\Microsoft.NETCore.App\5.0.0\System.Reflection.Emit.Lightweight.dll</ModulePath>
      <ModuleTime>2020-10-19T22:15:36Z</ModuleTime>
      <ModuleName>System.Reflection.Emit.Lightweight</ModuleName>
      <Classes />
    </Module>
    <Module skippedDueTo="Filter" hash="80-A2-B0-AE-0B-81-09-F9-40-35-0C-64-60-6E-42-AE-D4-8F-4B-04">
      <ModulePath>c:\program files\dotnet\shared\Microsoft.NETCore.App\5.0.0\System.Security.Cryptography.X509Certificates.dll</ModulePath>
      <ModuleTime>2020-10-19T22:15:38Z</ModuleTime>
      <ModuleName>System.Security.Cryptography.X509Certificates</ModuleName>
      <Classes />
    </Module>
    <Module skippedDueTo="Filter" hash="82-DC-BF-37-4B-57-93-28-10-3E-53-BC-F6-1C-13-38-EF-75-F4-33">
      <ModulePath>c:\program files\dotnet\shared\Microsoft.NETCore.App\5.0.0\System.Reflection.Primitives.dll</ModulePath>
      <ModuleTime>2020-10-19T22:14:42Z</ModuleTime>
      <ModuleName>System.Reflection.Primitives</ModuleName>
      <Classes />
    </Module>
    <Module skippedDueTo="Filter" hash="13-3D-D5-C5-B8-AE-E5-6F-E5-BC-13-34-0F-7D-17-A7-F5-9A-6B-9E">
      <ModulePath>c:\program files\dotnet\shared\Microsoft.NETCore.App\5.0.0\System.Net.Requests.dll</ModulePath>
      <ModuleTime>2020-10-19T22:16:14Z</ModuleTime>
      <ModuleName>System.Net.Requests</ModuleName>
      <Classes />
    </Module>
    <Module skippedDueTo="Filter" hash="B1-8B-09-B3-FC-11-E3-5C-40-08-30-99-A5-50-AB-D6-64-E9-AA-C2">
      <ModulePath>c:\program files\dotnet\shared\Microsoft.NETCore.App\5.0.0\System.Net.NetworkInformation.dll</ModulePath>
      <ModuleTime>2020-10-19T22:15:26Z</ModuleTime>
      <ModuleName>System.Net.NetworkInformation</ModuleName>
      <Classes />
    </Module>
    <Module skippedDueTo="MissingPdb" hash="5C-F3-81-49-0C-A2-33-CF-84-83-20-F6-98-B7-5B-CD-79-6B-F8-D9">
      <ModulePath>c:\program files\dotnet\shared\Microsoft.NETCore.App\5.0.0\Microsoft.Win32.Primitives.dll</ModulePath>
      <ModuleTime>2020-10-19T22:14:22Z</ModuleTime>
      <ModuleName>Microsoft.Win32.Primitives</ModuleName>
      <Classes />
    </Module>
    <Module skippedDueTo="MissingPdb" hash="88-0F-01-F6-E3-30-D2-FA-BC-C6-39-76-FD-2D-73-C9-7C-D8-D6-7B">
      <ModulePath>c:\program files\dotnet\shared\Microsoft.NETCore.App\5.0.0\Microsoft.Win32.Registry.dll</ModulePath>
      <ModuleTime>2020-10-19T22:14:58Z</ModuleTime>
      <ModuleName>Microsoft.Win32.Registry</ModuleName>
      <Classes />
    </Module>
    <Module skippedDueTo="Filter" hash="35-38-32-7D-98-84-AC-FF-AF-A8-7F-20-F1-89-6F-5A-2A-32-8F-32">
      <ModulePath>c:\program files\dotnet\shared\Microsoft.NETCore.App\5.0.0\System.Diagnostics.Tools.dll</ModulePath>
      <ModuleTime>2020-10-19T22:14:26Z</ModuleTime>
      <ModuleName>System.Diagnostics.Tools</ModuleName>
      <Classes />
    </Module>
    <Module skippedDueTo="MissingPdb" hash="BA-B9-B9-7C-2C-AF-28-CB-EE-65-2D-B5-65-BC-AB-05-10-3E-F1-F8">
      <ModulePath>c:\program files\dotnet\sdk\5.0.100\Microsoft.TemplateEngine.Utils.dll</ModulePath>
      <ModuleTime>2020-10-27T06:54:30Z</ModuleTime>
      <ModuleName>Microsoft.TemplateEngine.Utils</ModuleName>
      <Classes />
    </Module>
    <Module skippedDueTo="MissingPdb" hash="37-22-CD-F5-3C-0C-8C-EB-A8-DB-BF-4F-07-03-CD-1A-58-4D-D1-AB">
      <ModulePath>c:\program files\dotnet\sdk\5.0.100\pt-BR\dotnet.resources.dll</ModulePath>
      <ModuleTime>2020-10-27T06:54:30Z</ModuleTime>
      <ModuleName>dotnet.resources</ModuleName>
      <Classes />
    </Module>
    <Module skippedDueTo="Filter" hash="72-19-F1-87-DE-F9-D1-5B-69-E8-7B-FA-47-02-25-C5-41-4E-0C-71">
      <ModulePath>c:\program files\dotnet\shared\Microsoft.NETCore.App\5.0.0\System.Diagnostics.Debug.dll</ModulePath>
      <ModuleTime>2020-10-19T22:14:24Z</ModuleTime>
      <ModuleName>System.Diagnostics.Debug</ModuleName>
      <Classes />
    </Module>
    <Module skippedDueTo="Filter" hash="24-E3-14-DA-FD-41-F9-6F-BA-9A-E1-43-D5-07-EE-BC-19-CB-21-0F">
      <ModulePath>c:\program files\dotnet\shared\Microsoft.NETCore.App\5.0.0\System.IO.dll</ModulePath>
      <ModuleTime>2020-10-19T22:14:30Z</ModuleTime>
      <ModuleName>System.IO</ModuleName>
      <Classes />
    </Module>
    <Module skippedDueTo="Filter" hash="19-DA-6C-6C-01-5D-DD-90-34-95-A3-EA-21-C7-E4-A8-61-F2-02-E4">
      <ModulePath>c:\program files\dotnet\shared\Microsoft.NETCore.App\5.0.0\System.Text.Encoding.dll</ModulePath>
      <ModuleTime>2020-10-19T22:14:46Z</ModuleTime>
      <ModuleName>System.Text.Encoding</ModuleName>
      <Classes />
    </Module>
    <Module skippedDueTo="Filter" hash="73-DF-3B-A2-DD-68-1D-6A-FD-A4-C2-E5-84-3F-A5-04-64-16-51-D9">
      <ModulePath>c:\program files\dotnet\shared\Microsoft.NETCore.App\5.0.0\System.IO.Compression.dll</ModulePath>
      <ModuleTime>2020-10-19T22:14:28Z</ModuleTime>
      <ModuleName>System.IO.Compression</ModuleName>
      <Classes />
    </Module>
    <Module skippedDueTo="MissingPdb" hash="FB-C2-5E-1D-2D-D0-7D-6E-90-EC-7C-F6-0B-9D-DB-4F-A9-10-6B-93">
      <ModulePath>c:\program files\dotnet\sdk\5.0.100\Microsoft.Build.Framework.dll</ModulePath>
      <ModuleTime>2020-10-27T06:54:26Z</ModuleTime>
      <ModuleName>Microsoft.Build.Framework</ModuleName>
      <Classes />
    </Module>
    <Module skippedDueTo="Filter" hash="F2-97-5D-23-2A-F3-91-BF-27-CF-FD-6F-18-75-82-5F-4A-C9-91-F3">
      <ModulePath>c:\program files\dotnet\shared\Microsoft.NETCore.App\5.0.0\System.Diagnostics.Process.dll</ModulePath>
      <ModuleTime>2020-10-19T22:15:24Z</ModuleTime>
      <ModuleName>System.Diagnostics.Process</ModuleName>
      <Classes />
    </Module>
    <Module skippedDueTo="Filter" hash="70-B6-A0-D6-C7-59-7F-AD-53-85-7B-DC-B6-BC-46-60-5F-76-32-44">
      <ModulePath>c:\program files\dotnet\shared\Microsoft.NETCore.App\5.0.0\System.ComponentModel.Primitives.dll</ModulePath>
      <ModuleTime>2020-10-19T22:14:24Z</ModuleTime>
      <ModuleName>System.ComponentModel.Primitives</ModuleName>
      <Classes />
    </Module>
    <Module skippedDueTo="Filter" hash="55-45-30-E3-65-51-66-BC-74-30-06-0E-AD-50-05-6D-00-B1-C0-D5">
      <ModulePath>c:\program files\dotnet\shared\Microsoft.NETCore.App\5.0.0\System.Collections.NonGeneric.dll</ModulePath>
      <ModuleTime>2020-10-19T22:14:56Z</ModuleTime>
      <ModuleName>System.Collections.NonGeneric</ModuleName>
      <Classes />
    </Module>
    <Module skippedDueTo="Filter" hash="91-D1-00-40-6E-3A-9F-00-C0-1E-9E-47-40-53-58-9F-B2-8D-F6-4E">
      <ModulePath>c:\program files\dotnet\shared\Microsoft.NETCore.App\5.0.0\System.Net.Sockets.dll</ModulePath>
      <ModuleTime>2020-10-19T22:15:10Z</ModuleTime>
      <ModuleName>System.Net.Sockets</ModuleName>
      <Classes />
    </Module>
    <Module skippedDueTo="Filter" hash="CD-D4-A3-E5-6B-FF-20-30-03-95-A0-3E-F6-51-AE-C9-5A-EE-38-50">
      <ModulePath>c:\program files\dotnet\shared\Microsoft.NETCore.App\5.0.0\System.Net.NameResolution.dll</ModulePath>
      <ModuleTime>2020-10-19T22:15:00Z</ModuleTime>
      <ModuleName>System.Net.NameResolution</ModuleName>
      <Classes />
    </Module>
    <Module skippedDueTo="Filter" hash="E3-79-60-3F-E2-C2-06-19-1A-CB-44-3A-4E-89-DC-EB-9C-16-45-A9">
      <ModulePath>c:\program files\dotnet\shared\Microsoft.NETCore.App\5.0.0\System.Threading.Overlapped.dll</ModulePath>
      <ModuleTime>2020-10-19T22:15:12Z</ModuleTime>
      <ModuleName>System.Threading.Overlapped</ModuleName>
      <Classes />
    </Module>
    <Module skippedDueTo="Filter" hash="02-28-F9-A5-3F-F3-AB-D7-0C-71-1B-86-B4-89-71-83-07-EE-BA-05">
      <ModulePath>c:\program files\dotnet\shared\Microsoft.NETCore.App\5.0.0\System.Private.CoreLib.dll</ModulePath>
      <ModuleTime>2020-10-19T22:10:06Z</ModuleTime>
      <ModuleName>System.Private.CoreLib</ModuleName>
      <Classes />
    </Module>
    <Module skippedDueTo="Filter" hash="BF-AA-61-8A-B0-02-BA-05-7B-72-14-27-97-9F-10-82-F5-2A-FC-3E">
      <ModulePath>c:\program files\dotnet\shared\Microsoft.NETCore.App\5.0.0\System.Threading.ThreadPool.dll</ModulePath>
      <ModuleTime>2020-10-19T22:15:12Z</ModuleTime>
      <ModuleName>System.Threading.ThreadPool</ModuleName>
      <Classes />
    </Module>
    <Module skippedDueTo="MissingPdb" hash="0F-4D-B6-80-E7-1B-3A-80-64-99-E5-1B-C3-91-C6-15-43-15-A2-DA">
      <ModulePath>c:\program files\dotnet\sdk\5.0.100\MSBuild.dll</ModulePath>
      <ModuleTime>2020-10-27T06:54:16Z</ModuleTime>
      <ModuleName>MSBuild</ModuleName>
      <Classes />
    </Module>
    <Module skippedDueTo="Filter" hash="A4-8E-A9-B3-A8-87-80-FF-48-98-58-BC-02-CA-42-CE-96-9F-A5-93">
      <ModulePath>c:\program files\dotnet\shared\Microsoft.NETCore.App\5.0.0\System.Runtime.dll</ModulePath>
      <ModuleTime>2020-10-19T22:15:36Z</ModuleTime>
      <ModuleName>System.Runtime</ModuleName>
      <Classes />
    </Module>
    <Module skippedDueTo="Filter" hash="19-E8-9C-3F-51-C3-D8-04-8E-1D-2F-E1-DE-26-9F-89-06-F2-91-A4">
      <ModulePath>c:\program files\dotnet\shared\Microsoft.NETCore.App\5.0.0\System.Runtime.Extensions.dll</ModulePath>
      <ModuleTime>2020-10-19T22:14:42Z</ModuleTime>
      <ModuleName>System.Runtime.Extensions</ModuleName>
      <Classes />
    </Module>
    <Module skippedDueTo="Filter" hash="48-FF-37-2E-76-C6-1A-35-14-61-9D-3D-21-40-E8-FB-88-74-B4-73">
      <ModulePath>c:\program files\dotnet\shared\Microsoft.NETCore.App\5.0.0\System.Threading.dll</ModulePath>
      <ModuleTime>2020-10-19T22:15:14Z</ModuleTime>
      <ModuleName>System.Threading</ModuleName>
      <Classes />
    </Module>
    <Module skippedDueTo="Filter" hash="6A-32-E3-4B-6A-D8-6C-F4-7F-76-96-EB-E4-52-F2-C6-8B-7F-E5-2D">
      <ModulePath>c:\program files\dotnet\shared\Microsoft.NETCore.App\5.0.0\System.Threading.Tasks.dll</ModulePath>
      <ModuleTime>2020-10-19T22:14:46Z</ModuleTime>
      <ModuleName>System.Threading.Tasks</ModuleName>
      <Classes />
    </Module>
    <Module skippedDueTo="MissingPdb" hash="FB-C2-5E-1D-2D-D0-7D-6E-90-EC-7C-F6-0B-9D-DB-4F-A9-10-6B-93">
      <ModulePath>c:\program files\dotnet\sdk\5.0.100\Microsoft.Build.Framework.dll</ModulePath>
      <ModuleTime>2020-10-27T06:54:26Z</ModuleTime>
      <ModuleName>Microsoft.Build.Framework</ModuleName>
      <Classes />
    </Module>
    <Module skippedDueTo="MissingPdb" hash="B6-0D-38-ED-5B-CB-35-F6-64-68-A4-3D-C4-34-9D-FA-97-0B-1C-02">
      <ModulePath>c:\program files\dotnet\shared\Microsoft.NETCore.App\5.0.0\netstandard.dll</ModulePath>
      <ModuleTime>2020-10-19T22:14:58Z</ModuleTime>
      <ModuleName>netstandard</ModuleName>
      <Classes />
    </Module>
    <Module skippedDueTo="Filter" hash="A8-FD-C3-37-0F-70-7D-8E-82-B4-7E-54-4A-06-6C-FF-F6-8C-78-20">
      <ModulePath>c:\program files\dotnet\shared\Microsoft.NETCore.App\5.0.0\System.Security.Principal.Windows.dll</ModulePath>
      <ModuleTime>2020-10-19T22:15:14Z</ModuleTime>
      <ModuleName>System.Security.Principal.Windows</ModuleName>
      <Classes />
    </Module>
    <Module skippedDueTo="Filter" hash="F0-DC-58-89-16-46-9E-3B-B3-8A-A3-6A-ED-3F-2D-DB-98-9F-C1-D8">
      <ModulePath>c:\program files\dotnet\shared\Microsoft.NETCore.App\5.0.0\System.Security.Claims.dll</ModulePath>
      <ModuleTime>2020-10-19T22:14:44Z</ModuleTime>
      <ModuleName>System.Security.Claims</ModuleName>
      <Classes />
    </Module>
    <Module skippedDueTo="Filter" hash="DD-08-61-4E-E3-E4-14-45-3A-29-F7-E2-BC-EF-3F-54-8C-EF-15-37">
      <ModulePath>c:\program files\dotnet\shared\Microsoft.NETCore.App\5.0.0\System.Runtime.InteropServices.RuntimeInformation.dll</ModulePath>
      <ModuleTime>2020-10-19T22:14:42Z</ModuleTime>
      <ModuleName>System.Runtime.InteropServices.RuntimeInformation</ModuleName>
      <Classes />
    </Module>
    <Module skippedDueTo="Filter" hash="F2-97-5D-23-2A-F3-91-BF-27-CF-FD-6F-18-75-82-5F-4A-C9-91-F3">
      <ModulePath>c:\program files\dotnet\shared\Microsoft.NETCore.App\5.0.0\System.Diagnostics.Process.dll</ModulePath>
      <ModuleTime>2020-10-19T22:15:24Z</ModuleTime>
      <ModuleName>System.Diagnostics.Process</ModuleName>
      <Classes />
    </Module>
    <Module skippedDueTo="Filter" hash="70-B6-A0-D6-C7-59-7F-AD-53-85-7B-DC-B6-BC-46-60-5F-76-32-44">
      <ModulePath>c:\program files\dotnet\shared\Microsoft.NETCore.App\5.0.0\System.ComponentModel.Primitives.dll</ModulePath>
      <ModuleTime>2020-10-19T22:14:24Z</ModuleTime>
      <ModuleName>System.ComponentModel.Primitives</ModuleName>
      <Classes />
    </Module>
    <Module skippedDueTo="Filter" hash="E6-84-21-9D-B7-67-08-08-C8-23-E3-EF-D5-38-6C-FC-94-A2-C9-BF">
      <ModulePath>c:\program files\dotnet\shared\Microsoft.NETCore.App\5.0.0\System.Linq.dll</ModulePath>
      <ModuleTime>2020-10-19T22:14:32Z</ModuleTime>
      <ModuleName>System.Linq</ModuleName>
      <Classes />
    </Module>
    <Module skippedDueTo="Filter" hash="33-FF-8C-53-D8-AD-9F-61-FE-38-98-2C-20-04-7A-FA-B3-D5-6A-AC">
      <ModulePath>c:\program files\dotnet\shared\Microsoft.NETCore.App\5.0.0\System.Text.RegularExpressions.dll</ModulePath>
      <ModuleTime>2020-10-19T22:15:12Z</ModuleTime>
      <ModuleName>System.Text.RegularExpressions</ModuleName>
      <Classes />
    </Module>
    <Module skippedDueTo="Filter" hash="59-67-3C-A1-27-65-FA-E5-5B-98-3A-22-4F-1E-46-FE-63-23-64-A3">
      <ModulePath>c:\program files\dotnet\shared\Microsoft.NETCore.App\5.0.0\System.Collections.Concurrent.dll</ModulePath>
      <ModuleTime>2020-10-19T22:14:22Z</ModuleTime>
      <ModuleName>System.Collections.Concurrent</ModuleName>
      <Classes />
    </Module>
    <Module skippedDueTo="Filter" hash="CF-27-53-8B-23-74-2B-4F-EC-21-31-83-C3-95-23-64-19-AA-C5-97">
      <ModulePath>c:\program files\dotnet\shared\Microsoft.NETCore.App\5.0.0\System.Collections.dll</ModulePath>
      <ModuleTime>2020-10-19T22:14:22Z</ModuleTime>
      <ModuleName>System.Collections</ModuleName>
      <Classes />
    </Module>
    <Module skippedDueTo="Filter" hash="E0-56-69-A7-82-F3-9F-FB-2E-09-D9-D4-30-FA-C1-82-74-3D-B1-46">
      <ModulePath>c:\program files\dotnet\shared\Microsoft.NETCore.App\5.0.0\System.Memory.dll</ModulePath>
      <ModuleTime>2020-10-19T22:14:32Z</ModuleTime>
      <ModuleName>System.Memory</ModuleName>
      <Classes />
    </Module>
    <Module skippedDueTo="Filter" hash="0E-38-D9-40-38-C1-67-1D-E0-05-06-A5-2D-DD-1C-54-83-56-A1-6A">
      <ModulePath>c:\program files\dotnet\shared\Microsoft.NETCore.App\5.0.0\System.Security.Cryptography.Encoding.dll</ModulePath>
      <ModuleTime>2020-10-19T22:15:36Z</ModuleTime>
      <ModuleName>System.Security.Cryptography.Encoding</ModuleName>
      <Classes />
    </Module>
    <Module skippedDueTo="Filter" hash="7A-C8-00-A9-4A-F0-DA-43-C7-8B-3C-34-11-AA-21-D4-5C-CF-91-1D">
      <ModulePath>c:\program files\dotnet\shared\Microsoft.NETCore.App\5.0.0\System.IO.FileSystem.dll</ModulePath>
      <ModuleTime>2020-10-19T22:14:28Z</ModuleTime>
      <ModuleName>System.IO.FileSystem</ModuleName>
      <Classes />
    </Module>
    <Module skippedDueTo="Filter" hash="72-79-CD-97-C3-F7-F4-75-36-29-E2-1C-B8-23-4E-40-82-B1-F8-90">
      <ModulePath>c:\program files\dotnet\shared\Microsoft.NETCore.App\5.0.0\System.Runtime.InteropServices.dll</ModulePath>
      <ModuleTime>2020-10-19T22:15:10Z</ModuleTime>
      <ModuleName>System.Runtime.InteropServices</ModuleName>
      <Classes />
    </Module>
    <Module skippedDueTo="Filter" hash="A0-AC-AB-3B-DE-38-E0-09-11-B2-E6-35-50-00-3F-98-C4-32-FB-63">
      <ModulePath>c:\program files\dotnet\shared\Microsoft.NETCore.App\5.0.0\System.Console.dll</ModulePath>
      <ModuleTime>2020-10-19T22:15:52Z</ModuleTime>
      <ModuleName>System.Console</ModuleName>
      <Classes />
    </Module>
    <Module skippedDueTo="MissingPdb" hash="D1-4A-A7-0F-18-27-50-31-9D-7C-E1-1A-D5-AF-CF-EB-F1-11-BE-2C">
      <ModulePath>c:\program files\dotnet\sdk\5.0.100\Microsoft.Build.dll</ModulePath>
      <ModuleTime>2020-10-27T06:54:26Z</ModuleTime>
      <ModuleName>Microsoft.Build</ModuleName>
      <Classes />
    </Module>
    <Module skippedDueTo="Filter" hash="72-19-F1-87-DE-F9-D1-5B-69-E8-7B-FA-47-02-25-C5-41-4E-0C-71">
      <ModulePath>c:\program files\dotnet\shared\Microsoft.NETCore.App\5.0.0\System.Diagnostics.Debug.dll</ModulePath>
      <ModuleTime>2020-10-19T22:14:24Z</ModuleTime>
      <ModuleName>System.Diagnostics.Debug</ModuleName>
      <Classes />
    </Module>
    <Module skippedDueTo="Filter" hash="06-0A-22-F6-9E-41-3B-47-E6-B0-C2-A8-E9-BF-2F-9B-20-0C-45-75">
      <ModulePath>c:\program files\dotnet\shared\Microsoft.NETCore.App\5.0.0\System.Diagnostics.Tracing.dll</ModulePath>
      <ModuleTime>2020-10-19T22:14:56Z</ModuleTime>
      <ModuleName>System.Diagnostics.Tracing</ModuleName>
      <Classes />
    </Module>
    <Module skippedDueTo="MissingPdb" hash="5C-F3-81-49-0C-A2-33-CF-84-83-20-F6-98-B7-5B-CD-79-6B-F8-D9">
      <ModulePath>c:\program files\dotnet\shared\Microsoft.NETCore.App\5.0.0\Microsoft.Win32.Primitives.dll</ModulePath>
      <ModuleTime>2020-10-19T22:14:22Z</ModuleTime>
      <ModuleName>Microsoft.Win32.Primitives</ModuleName>
      <Classes />
    </Module>
    <Module skippedDueTo="Filter" hash="B2-AB-E3-89-06-42-27-62-AF-0E-D1-C3-A5-E2-53-A2-82-16-0F-AB">
      <ModulePath>c:\program files\dotnet\shared\Microsoft.NETCore.App\5.0.0\System.Text.Encoding.CodePages.dll</ModulePath>
      <ModuleTime>2020-10-19T22:15:12Z</ModuleTime>
      <ModuleName>System.Text.Encoding.CodePages</ModuleName>
      <Classes />
    </Module>
    <Module skippedDueTo="Filter" hash="AE-17-29-D5-95-9C-B5-59-32-6A-CA-48-80-36-08-44-BD-1F-7A-02">
      <ModulePath>c:\program files\dotnet\shared\Microsoft.NETCore.App\5.0.0\System.Runtime.Loader.dll</ModulePath>
      <ModuleTime>2020-10-19T22:14:40Z</ModuleTime>
      <ModuleName>System.Runtime.Loader</ModuleName>
      <Classes />
    </Module>
    <Module skippedDueTo="MissingPdb" hash="FB-C7-1B-DB-BA-A8-01-3F-25-40-60-E9-C3-73-BA-69-17-20-F2-B0">
      <ModulePath>c:\program files\dotnet\sdk\5.0.100\dotnet.dll</ModulePath>
      <ModuleTime>2020-10-27T06:54:26Z</ModuleTime>
      <ModuleName>dotnet</ModuleName>
      <Classes />
    </Module>
    <Module skippedDueTo="Filter" hash="0E-9C-61-9C-9D-8D-CF-3C-5C-0F-A3-D0-9B-30-7F-A5-6D-6A-0B-FD">
      <ModulePath>c:\program files\dotnet\shared\Microsoft.NETCore.App\5.0.0\System.Collections.Immutable.dll</ModulePath>
      <ModuleTime>2020-10-19T22:14:22Z</ModuleTime>
      <ModuleName>System.Collections.Immutable</ModuleName>
      <Classes />
    </Module>
    <Module skippedDueTo="MissingPdb" hash="4B-C5-A2-D8-A5-B4-0D-CF-53-77-11-B2-64-3D-D4-85-02-66-59-46">
      <ModulePath>c:\program files\dotnet\sdk\5.0.100\Microsoft.DotNet.Configurer.dll</ModulePath>
      <ModuleTime>2020-10-27T06:54:28Z</ModuleTime>
      <ModuleName>Microsoft.DotNet.Configurer</ModuleName>
      <Classes />
    </Module>
    <Module skippedDueTo="MissingPdb" hash="67-31-1B-63-D2-3F-D5-29-D8-D2-40-60-CF-5C-85-FD-7A-94-27-51">
      <ModulePath>c:\program files\dotnet\sdk\5.0.100\Microsoft.DotNet.InternalAbstractions.dll</ModulePath>
      <ModuleTime>2020-10-27T06:54:28Z</ModuleTime>
      <ModuleName>Microsoft.DotNet.InternalAbstractions</ModuleName>
      <Classes />
    </Module>
    <Module skippedDueTo="MissingPdb" hash="02-22-1B-CE-0E-56-5E-DB-85-C8-7F-16-19-76-18-E6-20-94-E4-25">
      <ModulePath>c:\program files\dotnet\sdk\5.0.100\Microsoft.DotNet.Cli.Utils.dll</ModulePath>
      <ModuleTime>2020-10-27T06:54:58Z</ModuleTime>
      <ModuleName>Microsoft.DotNet.Cli.Utils</ModuleName>
      <Classes />
    </Module>
    <Module skippedDueTo="Filter" hash="44-DC-AC-10-11-A8-87-47-18-29-D4-08-91-38-B9-12-6E-70-8E-13">
      <ModulePath>c:\program files\dotnet\shared\Microsoft.NETCore.App\5.0.0\System.Text.Encoding.Extensions.dll</ModulePath>
      <ModuleTime>2020-10-19T22:15:36Z</ModuleTime>
      <ModuleName>System.Text.Encoding.Extensions</ModuleName>
      <Classes />
    </Module>
    <Module skippedDueTo="MissingPdb" hash="CF-8E-DE-64-B9-74-DC-EC-32-D6-FF-00-C5-5F-E1-15-0C-83-13-3E">
      <ModulePath>c:\program files\dotnet\sdk\5.0.100\Microsoft.ApplicationInsights.dll</ModulePath>
      <ModuleTime>2020-10-27T06:54:24Z</ModuleTime>
      <ModuleName>Microsoft.ApplicationInsights</ModuleName>
      <Classes />
    </Module>
    <Module skippedDueTo="Filter" hash="BF-EF-37-A7-B4-D7-5C-5C-1D-E1-92-D8-0D-8F-34-EF-BD-3B-53-0A">
      <ModulePath>c:\program files\dotnet\shared\Microsoft.NETCore.App\5.0.0\System.Runtime.CompilerServices.Unsafe.dll</ModulePath>
      <ModuleTime>2020-10-19T22:15:08Z</ModuleTime>
      <ModuleName>System.Runtime.CompilerServices.Unsafe</ModuleName>
      <Classes />
    </Module>
    <Module skippedDueTo="Filter" hash="F7-C6-A8-BF-69-A6-DD-46-D4-EC-3B-18-95-68-C4-E1-4E-EE-44-9F">
      <ModulePath>c:\program files\dotnet\shared\Microsoft.NETCore.App\5.0.0\System.Private.Uri.dll</ModulePath>
      <ModuleTime>2020-10-19T22:17:04Z</ModuleTime>
      <ModuleName>System.Private.Uri</ModuleName>
      <Classes />
    </Module>
    <Module skippedDueTo="Filter" hash="97-55-F7-5B-93-43-58-AA-A9-6B-D0-F3-71-B0-07-3E-B3-FB-74-B8">
      <ModulePath>c:\program files\dotnet\shared\Microsoft.NETCore.App\5.0.0\System.Reflection.Extensions.dll</ModulePath>
      <ModuleTime>2020-10-19T22:15:08Z</ModuleTime>
      <ModuleName>System.Reflection.Extensions</ModuleName>
      <Classes />
    </Module>
    <Module skippedDueTo="Filter" hash="8C-35-F8-5A-A2-33-10-3F-B9-56-F4-13-66-6C-96-09-B5-D5-48-39">
      <ModulePath>c:\program files\dotnet\shared\Microsoft.NETCore.App\5.0.0\System.Reflection.dll</ModulePath>
      <ModuleTime>2020-10-19T22:14:38Z</ModuleTime>
      <ModuleName>System.Reflection</ModuleName>
      <Classes />
    </Module>
    <Module skippedDueTo="Filter" hash="17-8A-8C-21-F5-73-E0-8E-A7-ED-33-98-EE-86-23-75-50-77-55-78">
      <ModulePath>c:\program files\dotnet\shared\Microsoft.NETCore.App\5.0.0\System.Xml.XDocument.dll</ModulePath>
      <ModuleTime>2020-10-19T22:14:16Z</ModuleTime>
      <ModuleName>System.Xml.XDocument</ModuleName>
      <Classes />
    </Module>
    <Module skippedDueTo="Filter" hash="38-89-E3-4F-72-A3-0F-CF-54-EC-94-74-EB-6E-E5-94-92-0E-40-AF">
      <ModulePath>c:\program files\dotnet\shared\Microsoft.NETCore.App\5.0.0\System.Private.Xml.Linq.dll</ModulePath>
      <ModuleTime>2020-10-19T22:15:10Z</ModuleTime>
      <ModuleName>System.Private.Xml.Linq</ModuleName>
      <Classes />
    </Module>
    <Module skippedDueTo="Filter" hash="79-CE-21-28-C4-70-8F-51-25-40-5A-E2-6B-43-E6-0A-83-10-D6-AD">
      <ModulePath>c:\program files\dotnet\shared\Microsoft.NETCore.App\5.0.0\System.Threading.Thread.dll</ModulePath>
      <ModuleTime>2020-10-19T22:14:46Z</ModuleTime>
      <ModuleName>System.Threading.Thread</ModuleName>
      <Classes />
    </Module>
    <Module skippedDueTo="Filter" hash="99-1B-9F-BB-17-7F-2A-55-29-95-D9-35-BE-3F-62-FA-41-B5-C4-2C">
      <ModulePath>c:\program files\dotnet\shared\Microsoft.NETCore.App\5.0.0\System.Private.Xml.dll</ModulePath>
      <ModuleTime>2020-10-19T22:16:24Z</ModuleTime>
      <ModuleName>System.Private.Xml</ModuleName>
      <Classes />
    </Module>
    <Module skippedDueTo="Filter" hash="C1-F4-E2-BA-BB-2B-A3-43-6D-4E-D6-AA-3D-E8-C1-88-F2-6A-54-06">
      <ModulePath>c:\program files\dotnet\shared\Microsoft.NETCore.App\5.0.0\System.Xml.ReaderWriter.dll</ModulePath>
      <ModuleTime>2020-10-19T22:14:38Z</ModuleTime>
      <ModuleName>System.Xml.ReaderWriter</ModuleName>
      <Classes />
    </Module>
    <Module skippedDueTo="Filter" hash="DD-03-8F-93-64-72-9C-D1-4A-EF-6A-35-CF-E2-0A-96-9F-71-0A-E8">
      <ModulePath>c:\program files\dotnet\shared\Microsoft.NETCore.App\5.0.0\System.Globalization.dll</ModulePath>
      <ModuleTime>2020-10-19T22:13:58Z</ModuleTime>
      <ModuleName>System.Globalization</ModuleName>
      <Classes />
    </Module>
    <Module skippedDueTo="Filter" hash="55-45-30-E3-65-51-66-BC-74-30-06-0E-AD-50-05-6D-00-B1-C0-D5">
      <ModulePath>c:\program files\dotnet\shared\Microsoft.NETCore.App\5.0.0\System.Collections.NonGeneric.dll</ModulePath>
      <ModuleTime>2020-10-19T22:14:56Z</ModuleTime>
      <ModuleName>System.Collections.NonGeneric</ModuleName>
      <Classes />
    </Module>
    <Module skippedDueTo="Filter" hash="E6-91-D6-DF-B4-48-7B-00-38-A8-60-9F-A2-B6-72-6E-63-BA-2C-FA">
      <ModulePath>c:\program files\dotnet\shared\Microsoft.NETCore.App\5.0.0\System.Resources.ResourceManager.dll</ModulePath>
      <ModuleTime>2020-10-19T22:14:38Z</ModuleTime>
      <ModuleName>System.Resources.ResourceManager</ModuleName>
      <Classes />
    </Module>
    <Module skippedDueTo="MissingPdb" hash="83-45-C9-B9-9D-9C-CF-37-73-F4-81-C1-1B-5A-C6-D2-38-0A-F8-D1">
      <ModulePath>c:\program files\dotnet\sdk\5.0.100\pt-BR\MSBuild.resources.dll</ModulePath>
      <ModuleTime>2020-10-20T23:39:50Z</ModuleTime>
      <ModuleName>MSBuild.resources</ModuleName>
      <Classes />
    </Module>
    <Module skippedDueTo="Filter" hash="C3-2B-92-9F-4D-3A-C7-2A-07-6F-D0-DC-E3-F0-AD-2D-5E-87-06-A6">
      <ModulePath>c:\program files\dotnet\shared\Microsoft.NETCore.App\5.0.0\System.Security.Cryptography.Algorithms.dll</ModulePath>
      <ModuleTime>2020-10-19T22:16:22Z</ModuleTime>
      <ModuleName>System.Security.Cryptography.Algorithms</ModuleName>
      <Classes />
    </Module>
    <Module skippedDueTo="Filter" hash="A3-A3-1D-73-B0-90-BB-F1-73-87-2B-22-AD-06-83-00-1E-C2-A3-E6">
      <ModulePath>c:\program files\dotnet\shared\Microsoft.NETCore.App\5.0.0\System.Security.Cryptography.Primitives.dll</ModulePath>
      <ModuleTime>2020-10-19T22:14:44Z</ModuleTime>
      <ModuleName>System.Security.Cryptography.Primitives</ModuleName>
      <Classes />
    </Module>
    <Module skippedDueTo="Filter" hash="31-11-DC-7F-66-1D-38-1E-18-BC-30-FE-B0-88-E8-07-77-79-9F-34">
      <ModulePath>c:\program files\dotnet\shared\Microsoft.NETCore.App\5.0.0\System.Threading.Tasks.Dataflow.dll</ModulePath>
      <ModuleTime>2020-10-19T22:15:14Z</ModuleTime>
      <ModuleName>System.Threading.Tasks.Dataflow</ModuleName>
      <Classes />
    </Module>
    <Module skippedDueTo="MissingPdb" hash="88-0F-01-F6-E3-30-D2-FA-BC-C6-39-76-FD-2D-73-C9-7C-D8-D6-7B">
      <ModulePath>c:\program files\dotnet\shared\Microsoft.NETCore.App\5.0.0\Microsoft.Win32.Registry.dll</ModulePath>
      <ModuleTime>2020-10-19T22:14:58Z</ModuleTime>
      <ModuleName>Microsoft.Win32.Registry</ModuleName>
      <Classes />
    </Module>
    <Module skippedDueTo="MissingPdb" hash="B1-1A-2D-44-BE-D5-59-0D-92-DD-13-1F-F2-53-B5-8E-D3-A1-F2-63">
      <ModulePath>c:\program files\dotnet\sdk\5.0.100\pt-BR\Microsoft.Build.resources.dll</ModulePath>
      <ModuleTime>2020-10-20T23:39:36Z</ModuleTime>
      <ModuleName>Microsoft.Build.resources</ModuleName>
      <Classes />
    </Module>
    <Module skippedDueTo="Filter" hash="3F-70-05-4C-4B-E7-58-77-DC-FE-A7-90-33-1B-5B-A0-4B-B6-8E-C1">
      <ModulePath>c:\program files\dotnet\shared\Microsoft.NETCore.App\5.0.0\System.ObjectModel.dll</ModulePath>
      <ModuleTime>2020-10-19T22:15:10Z</ModuleTime>
      <ModuleName>System.ObjectModel</ModuleName>
      <Classes />
    </Module>
    <Module skippedDueTo="Filter" hash="3E-62-E0-43-1B-CD-BC-63-3B-BD-C1-5B-A3-79-6A-88-7F-B8-5F-7C">
      <ModulePath>c:\program files\dotnet\shared\Microsoft.NETCore.App\5.0.0\System.Text.Json.dll</ModulePath>
      <ModuleTime>2020-10-19T22:15:38Z</ModuleTime>
      <ModuleName>System.Text.Json</ModuleName>
      <Classes />
    </Module>
    <Module skippedDueTo="Filter" hash="30-99-38-E2-F4-CD-CE-AE-B8-89-59-70-5A-F6-06-BA-95-C2-5B-FA">
      <ModulePath>c:\program files\dotnet\shared\Microsoft.NETCore.App\5.0.0\System.Reflection.Emit.ILGeneration.dll</ModulePath>
      <ModuleTime>2020-10-19T22:15:10Z</ModuleTime>
      <ModuleName>System.Reflection.Emit.ILGeneration</ModuleName>
      <Classes />
    </Module>
    <Module skippedDueTo="Filter" hash="ED-97-C1-EA-4B-0E-45-F5-E4-DC-BB-B9-E1-59-1E-5C-78-C0-75-7A">
      <ModulePath>c:\program files\dotnet\shared\Microsoft.NETCore.App\5.0.0\System.Reflection.Emit.Lightweight.dll</ModulePath>
      <ModuleTime>2020-10-19T22:15:36Z</ModuleTime>
      <ModuleName>System.Reflection.Emit.Lightweight</ModuleName>
      <Classes />
    </Module>
    <Module skippedDueTo="Filter" hash="82-DC-BF-37-4B-57-93-28-10-3E-53-BC-F6-1C-13-38-EF-75-F4-33">
      <ModulePath>c:\program files\dotnet\shared\Microsoft.NETCore.App\5.0.0\System.Reflection.Primitives.dll</ModulePath>
      <ModuleTime>2020-10-19T22:14:42Z</ModuleTime>
      <ModuleName>System.Reflection.Primitives</ModuleName>
      <Classes />
    </Module>
    <Module skippedDueTo="Filter" hash="5C-EB-AB-AF-DA-D4-1E-AB-16-8E-1B-51-EB-F3-AC-16-FD-03-A2-71">
      <ModulePath>c:\program files\dotnet\shared\Microsoft.NETCore.App\5.0.0\System.Diagnostics.TraceSource.dll</ModulePath>
      <ModuleTime>2020-10-19T22:15:26Z</ModuleTime>
      <ModuleName>System.Diagnostics.TraceSource</ModuleName>
      <Classes />
    </Module>
    <Module skippedDueTo="Filter" hash="2F-6B-D8-A5-2F-02-92-F5-50-A8-39-39-1F-DA-82-4F-9E-78-85-4C">
      <ModulePath>c:\program files\dotnet\shared\Microsoft.NETCore.App\5.0.0\System.Threading.Tasks.Parallel.dll</ModulePath>
      <ModuleTime>2020-10-19T22:16:00Z</ModuleTime>
      <ModuleName>System.Threading.Tasks.Parallel</ModuleName>
      <Classes />
    </Module>
    <Module skippedDueTo="MissingPdb" hash="E9-F5-E9-D4-E8-F6-BF-B7-C4-45-A2-3F-D7-70-04-F6-6D-34-F6-95">
      <ModulePath>c:\program files\dotnet\sdk\5.0.100\Microsoft.Build.Tasks.Core.dll</ModulePath>
      <ModuleTime>2020-10-27T06:54:26Z</ModuleTime>
      <ModuleName>Microsoft.Build.Tasks.Core</ModuleName>
      <Classes />
    </Module>
    <Module skippedDueTo="MissingPdb" hash="73-0A-29-BE-43-AB-AA-5B-86-2D-1E-A8-7F-D0-BC-D4-ED-17-BE-94">
      <ModulePath>c:\program files\dotnet\sdk\5.0.100\Microsoft.Build.Utilities.Core.dll</ModulePath>
      <ModuleTime>2020-10-27T06:54:28Z</ModuleTime>
      <ModuleName>Microsoft.Build.Utilities.Core</ModuleName>
      <Classes />
    </Module>
    <Module skippedDueTo="MissingPdb" hash="86-42-3D-4D-06-1C-06-EA-B7-93-11-7E-BB-E2-BF-EE-2D-32-12-4A">
      <ModulePath>c:\program files\dotnet\sdk\5.0.100\NuGet.Build.Tasks.dll</ModulePath>
      <ModuleTime>2020-10-27T06:54:14Z</ModuleTime>
      <ModuleName>NuGet.Build.Tasks</ModuleName>
      <Classes />
    </Module>
    <Module skippedDueTo="MissingPdb" hash="4B-0C-5E-6A-B8-F7-1C-B6-D1-91-F8-FF-F9-3C-D2-A6-C8-C7-F7-28">
      <ModulePath>c:\program files\dotnet\sdk\5.0.100\NuGet.Common.dll</ModulePath>
      <ModuleTime>2020-10-27T06:53:30Z</ModuleTime>
      <ModuleName>NuGet.Common</ModuleName>
      <Classes />
    </Module>
    <Module skippedDueTo="MissingPdb" hash="7E-1F-E8-27-6B-C5-62-72-45-51-40-5C-6F-E3-2A-FA-62-41-02-36">
      <ModulePath>c:\program files\dotnet\sdk\5.0.100\NuGet.Commands.dll</ModulePath>
      <ModuleTime>2020-10-27T06:54:12Z</ModuleTime>
      <ModuleName>NuGet.Commands</ModuleName>
      <Classes />
    </Module>
    <Module skippedDueTo="MissingPdb" hash="3C-F4-1F-4E-BA-A1-03-E1-1A-76-8D-18-EE-1E-72-23-2D-2B-7D-F4">
      <ModulePath>c:\program files\dotnet\sdk\5.0.100\NuGet.ProjectModel.dll</ModulePath>
      <ModuleTime>2020-10-27T06:54:14Z</ModuleTime>
      <ModuleName>NuGet.ProjectModel</ModuleName>
      <Classes />
    </Module>
    <Module skippedDueTo="Filter" hash="5D-83-2E-85-FE-AF-92-14-97-12-16-A7-5D-41-7E-C9-81-A2-1D-6F">
      <ModulePath>c:\program files\dotnet\shared\Microsoft.NETCore.App\5.0.0\System.ComponentModel.dll</ModulePath>
      <ModuleTime>2020-10-19T22:14:22Z</ModuleTime>
      <ModuleName>System.ComponentModel</ModuleName>
      <Classes />
    </Module>
    <Module skippedDueTo="Filter" hash="BF-AA-61-8A-B0-02-BA-05-7B-72-14-27-97-9F-10-82-F5-2A-FC-3E">
      <ModulePath>c:\program files\dotnet\shared\Microsoft.NETCore.App\5.0.0\System.Threading.ThreadPool.dll</ModulePath>
      <ModuleTime>2020-10-19T22:15:12Z</ModuleTime>
      <ModuleName>System.Threading.ThreadPool</ModuleName>
      <Classes />
    </Module>
    <Module skippedDueTo="Filter" hash="7F-66-7C-F4-50-74-4D-56-81-35-E9-E6-8A-AC-34-1A-C2-00-27-8A">
      <ModulePath>c:\program files\dotnet\shared\Microsoft.NETCore.App\5.0.0\System.Diagnostics.FileVersionInfo.dll</ModulePath>
      <ModuleTime>2020-10-19T22:14:26Z</ModuleTime>
      <ModuleName>System.Diagnostics.FileVersionInfo</ModuleName>
      <Classes />
    </Module>
    <Module skippedDueTo="MissingPdb" hash="5C-23-6D-4B-20-45-8B-33-7A-AC-BE-96-AD-B1-71-A3-82-5A-D6-AA">
      <ModulePath>c:\program files\dotnet\sdk\5.0.100\Microsoft.Build.NuGetSdkResolver.dll</ModulePath>
      <ModuleTime>2020-10-27T06:54:26Z</ModuleTime>
      <ModuleName>Microsoft.Build.NuGetSdkResolver</ModuleName>
      <Classes />
    </Module>
    <Module skippedDueTo="MissingPdb" hash="FF-0D-51-D1-97-67-34-FA-F5-5E-A1-12-B3-36-2D-87-FF-11-C8-C5">
      <ModulePath>c:\program files\dotnet\sdk\5.0.100\Microsoft.NET.Sdk.WorkloadMSBuildSdkResolver.dll</ModulePath>
      <ModuleTime>2020-10-27T06:55:46Z</ModuleTime>
      <ModuleName>Microsoft.NET.Sdk.WorkloadMSBuildSdkResolver</ModuleName>
      <Classes />
    </Module>
    <Module skippedDueTo="Filter" hash="8F-C9-53-FE-6B-07-51-97-DD-E1-5E-E6-E0-C4-DD-76-11-6F-DB-6A">
      <ModulePath>c:\program files\dotnet\shared\Microsoft.NETCore.App\5.0.0\System.IO.Pipes.dll</ModulePath>
      <ModuleTime>2020-10-19T22:15:24Z</ModuleTime>
      <ModuleName>System.IO.Pipes</ModuleName>
      <Classes />
    </Module>
    <Module skippedDueTo="MissingPdb" hash="84-BF-A8-0F-7F-12-09-05-38-E1-99-51-38-29-A2-2C-E6-5B-49-8A">
      <ModulePath>c:\program files\dotnet\sdk\5.0.100\Microsoft.NET.Sdk.WorkloadManifestReader.dll</ModulePath>
      <ModuleTime>2020-10-27T06:54:28Z</ModuleTime>
      <ModuleName>Microsoft.NET.Sdk.WorkloadManifestReader</ModuleName>
      <Classes />
    </Module>
    <Module skippedDueTo="MissingPdb" hash="9C-DE-4A-6F-DA-8F-EB-91-B5-6F-CF-3B-72-64-B3-33-75-62-3A-C0">
      <ModulePath>c:\program files\dotnet\sdk\5.0.100\NuGet.Frameworks.dll</ModulePath>
      <ModuleTime>2020-10-27T06:54:12Z</ModuleTime>
      <ModuleName>NuGet.Frameworks</ModuleName>
      <Classes />
    </Module>
    <Module skippedDueTo="Filter" hash="02-28-F9-A5-3F-F3-AB-D7-0C-71-1B-86-B4-89-71-83-07-EE-BA-05">
      <ModulePath>c:\program files\dotnet\shared\Microsoft.NETCore.App\5.0.0\System.Private.CoreLib.dll</ModulePath>
      <ModuleTime>2020-10-19T22:10:06Z</ModuleTime>
      <ModuleName>System.Private.CoreLib</ModuleName>
      <Classes />
    </Module>
    <Module skippedDueTo="MissingPdb" hash="0F-4D-B6-80-E7-1B-3A-80-64-99-E5-1B-C3-91-C6-15-43-15-A2-DA">
      <ModulePath>c:\program files\dotnet\sdk\5.0.100\MSBuild.dll</ModulePath>
      <ModuleTime>2020-10-27T06:54:16Z</ModuleTime>
      <ModuleName>MSBuild</ModuleName>
      <Classes />
    </Module>
    <Module skippedDueTo="Filter" hash="A4-8E-A9-B3-A8-87-80-FF-48-98-58-BC-02-CA-42-CE-96-9F-A5-93">
      <ModulePath>c:\program files\dotnet\shared\Microsoft.NETCore.App\5.0.0\System.Runtime.dll</ModulePath>
      <ModuleTime>2020-10-19T22:15:36Z</ModuleTime>
      <ModuleName>System.Runtime</ModuleName>
      <Classes />
    </Module>
    <Module skippedDueTo="Filter" hash="19-E8-9C-3F-51-C3-D8-04-8E-1D-2F-E1-DE-26-9F-89-06-F2-91-A4">
      <ModulePath>c:\program files\dotnet\shared\Microsoft.NETCore.App\5.0.0\System.Runtime.Extensions.dll</ModulePath>
      <ModuleTime>2020-10-19T22:14:42Z</ModuleTime>
      <ModuleName>System.Runtime.Extensions</ModuleName>
      <Classes />
    </Module>
    <Module skippedDueTo="Filter" hash="48-FF-37-2E-76-C6-1A-35-14-61-9D-3D-21-40-E8-FB-88-74-B4-73">
      <ModulePath>c:\program files\dotnet\shared\Microsoft.NETCore.App\5.0.0\System.Threading.dll</ModulePath>
      <ModuleTime>2020-10-19T22:15:14Z</ModuleTime>
      <ModuleName>System.Threading</ModuleName>
      <Classes />
    </Module>
    <Module skippedDueTo="Filter" hash="6A-32-E3-4B-6A-D8-6C-F4-7F-76-96-EB-E4-52-F2-C6-8B-7F-E5-2D">
      <ModulePath>c:\program files\dotnet\shared\Microsoft.NETCore.App\5.0.0\System.Threading.Tasks.dll</ModulePath>
      <ModuleTime>2020-10-19T22:14:46Z</ModuleTime>
      <ModuleName>System.Threading.Tasks</ModuleName>
      <Classes />
    </Module>
    <Module skippedDueTo="MissingPdb" hash="FB-C2-5E-1D-2D-D0-7D-6E-90-EC-7C-F6-0B-9D-DB-4F-A9-10-6B-93">
      <ModulePath>c:\program files\dotnet\sdk\5.0.100\Microsoft.Build.Framework.dll</ModulePath>
      <ModuleTime>2020-10-27T06:54:26Z</ModuleTime>
      <ModuleName>Microsoft.Build.Framework</ModuleName>
      <Classes />
    </Module>
    <Module skippedDueTo="MissingPdb" hash="B6-0D-38-ED-5B-CB-35-F6-64-68-A4-3D-C4-34-9D-FA-97-0B-1C-02">
      <ModulePath>c:\program files\dotnet\shared\Microsoft.NETCore.App\5.0.0\netstandard.dll</ModulePath>
      <ModuleTime>2020-10-19T22:14:58Z</ModuleTime>
      <ModuleName>netstandard</ModuleName>
      <Classes />
    </Module>
    <Module skippedDueTo="Filter" hash="DD-08-61-4E-E3-E4-14-45-3A-29-F7-E2-BC-EF-3F-54-8C-EF-15-37">
      <ModulePath>c:\program files\dotnet\shared\Microsoft.NETCore.App\5.0.0\System.Runtime.InteropServices.RuntimeInformation.dll</ModulePath>
      <ModuleTime>2020-10-19T22:14:42Z</ModuleTime>
      <ModuleName>System.Runtime.InteropServices.RuntimeInformation</ModuleName>
      <Classes />
    </Module>
    <Module skippedDueTo="Filter" hash="F2-97-5D-23-2A-F3-91-BF-27-CF-FD-6F-18-75-82-5F-4A-C9-91-F3">
      <ModulePath>c:\program files\dotnet\shared\Microsoft.NETCore.App\5.0.0\System.Diagnostics.Process.dll</ModulePath>
      <ModuleTime>2020-10-19T22:15:24Z</ModuleTime>
      <ModuleName>System.Diagnostics.Process</ModuleName>
      <Classes />
    </Module>
    <Module skippedDueTo="Filter" hash="70-B6-A0-D6-C7-59-7F-AD-53-85-7B-DC-B6-BC-46-60-5F-76-32-44">
      <ModulePath>c:\program files\dotnet\shared\Microsoft.NETCore.App\5.0.0\System.ComponentModel.Primitives.dll</ModulePath>
      <ModuleTime>2020-10-19T22:14:24Z</ModuleTime>
      <ModuleName>System.ComponentModel.Primitives</ModuleName>
      <Classes />
    </Module>
    <Module skippedDueTo="Filter" hash="E6-84-21-9D-B7-67-08-08-C8-23-E3-EF-D5-38-6C-FC-94-A2-C9-BF">
      <ModulePath>c:\program files\dotnet\shared\Microsoft.NETCore.App\5.0.0\System.Linq.dll</ModulePath>
      <ModuleTime>2020-10-19T22:14:32Z</ModuleTime>
      <ModuleName>System.Linq</ModuleName>
      <Classes />
    </Module>
    <Module skippedDueTo="Filter" hash="33-FF-8C-53-D8-AD-9F-61-FE-38-98-2C-20-04-7A-FA-B3-D5-6A-AC">
      <ModulePath>c:\program files\dotnet\shared\Microsoft.NETCore.App\5.0.0\System.Text.RegularExpressions.dll</ModulePath>
      <ModuleTime>2020-10-19T22:15:12Z</ModuleTime>
      <ModuleName>System.Text.RegularExpressions</ModuleName>
      <Classes />
    </Module>
    <Module skippedDueTo="Filter" hash="59-67-3C-A1-27-65-FA-E5-5B-98-3A-22-4F-1E-46-FE-63-23-64-A3">
      <ModulePath>c:\program files\dotnet\shared\Microsoft.NETCore.App\5.0.0\System.Collections.Concurrent.dll</ModulePath>
      <ModuleTime>2020-10-19T22:14:22Z</ModuleTime>
      <ModuleName>System.Collections.Concurrent</ModuleName>
      <Classes />
    </Module>
    <Module skippedDueTo="Filter" hash="CF-27-53-8B-23-74-2B-4F-EC-21-31-83-C3-95-23-64-19-AA-C5-97">
      <ModulePath>c:\program files\dotnet\shared\Microsoft.NETCore.App\5.0.0\System.Collections.dll</ModulePath>
      <ModuleTime>2020-10-19T22:14:22Z</ModuleTime>
      <ModuleName>System.Collections</ModuleName>
      <Classes />
    </Module>
    <Module skippedDueTo="Filter" hash="E0-56-69-A7-82-F3-9F-FB-2E-09-D9-D4-30-FA-C1-82-74-3D-B1-46">
      <ModulePath>c:\program files\dotnet\shared\Microsoft.NETCore.App\5.0.0\System.Memory.dll</ModulePath>
      <ModuleTime>2020-10-19T22:14:32Z</ModuleTime>
      <ModuleName>System.Memory</ModuleName>
      <Classes />
    </Module>
    <Module skippedDueTo="Filter" hash="7A-C8-00-A9-4A-F0-DA-43-C7-8B-3C-34-11-AA-21-D4-5C-CF-91-1D">
      <ModulePath>c:\program files\dotnet\shared\Microsoft.NETCore.App\5.0.0\System.IO.FileSystem.dll</ModulePath>
      <ModuleTime>2020-10-19T22:14:28Z</ModuleTime>
      <ModuleName>System.IO.FileSystem</ModuleName>
      <Classes />
    </Module>
    <Module skippedDueTo="Filter" hash="72-79-CD-97-C3-F7-F4-75-36-29-E2-1C-B8-23-4E-40-82-B1-F8-90">
      <ModulePath>c:\program files\dotnet\shared\Microsoft.NETCore.App\5.0.0\System.Runtime.InteropServices.dll</ModulePath>
      <ModuleTime>2020-10-19T22:15:10Z</ModuleTime>
      <ModuleName>System.Runtime.InteropServices</ModuleName>
      <Classes />
    </Module>
    <Module skippedDueTo="Filter" hash="A0-AC-AB-3B-DE-38-E0-09-11-B2-E6-35-50-00-3F-98-C4-32-FB-63">
      <ModulePath>c:\program files\dotnet\shared\Microsoft.NETCore.App\5.0.0\System.Console.dll</ModulePath>
      <ModuleTime>2020-10-19T22:15:52Z</ModuleTime>
      <ModuleName>System.Console</ModuleName>
      <Classes />
    </Module>
    <Module skippedDueTo="MissingPdb" hash="D1-4A-A7-0F-18-27-50-31-9D-7C-E1-1A-D5-AF-CF-EB-F1-11-BE-2C">
      <ModulePath>c:\program files\dotnet\sdk\5.0.100\Microsoft.Build.dll</ModulePath>
      <ModuleTime>2020-10-27T06:54:26Z</ModuleTime>
      <ModuleName>Microsoft.Build</ModuleName>
      <Classes />
    </Module>
    <Module skippedDueTo="Filter" hash="72-19-F1-87-DE-F9-D1-5B-69-E8-7B-FA-47-02-25-C5-41-4E-0C-71">
      <ModulePath>c:\program files\dotnet\shared\Microsoft.NETCore.App\5.0.0\System.Diagnostics.Debug.dll</ModulePath>
      <ModuleTime>2020-10-19T22:14:24Z</ModuleTime>
      <ModuleName>System.Diagnostics.Debug</ModuleName>
      <Classes />
    </Module>
    <Module skippedDueTo="Filter" hash="06-0A-22-F6-9E-41-3B-47-E6-B0-C2-A8-E9-BF-2F-9B-20-0C-45-75">
      <ModulePath>c:\program files\dotnet\shared\Microsoft.NETCore.App\5.0.0\System.Diagnostics.Tracing.dll</ModulePath>
      <ModuleTime>2020-10-19T22:14:56Z</ModuleTime>
      <ModuleName>System.Diagnostics.Tracing</ModuleName>
      <Classes />
    </Module>
    <Module skippedDueTo="MissingPdb" hash="5C-F3-81-49-0C-A2-33-CF-84-83-20-F6-98-B7-5B-CD-79-6B-F8-D9">
      <ModulePath>c:\program files\dotnet\shared\Microsoft.NETCore.App\5.0.0\Microsoft.Win32.Primitives.dll</ModulePath>
      <ModuleTime>2020-10-19T22:14:22Z</ModuleTime>
      <ModuleName>Microsoft.Win32.Primitives</ModuleName>
      <Classes />
    </Module>
    <Module skippedDueTo="Filter" hash="B2-AB-E3-89-06-42-27-62-AF-0E-D1-C3-A5-E2-53-A2-82-16-0F-AB">
      <ModulePath>c:\program files\dotnet\shared\Microsoft.NETCore.App\5.0.0\System.Text.Encoding.CodePages.dll</ModulePath>
      <ModuleTime>2020-10-19T22:15:12Z</ModuleTime>
      <ModuleName>System.Text.Encoding.CodePages</ModuleName>
      <Classes />
    </Module>
    <Module skippedDueTo="Filter" hash="8F-C9-53-FE-6B-07-51-97-DD-E1-5E-E6-E0-C4-DD-76-11-6F-DB-6A">
      <ModulePath>c:\program files\dotnet\shared\Microsoft.NETCore.App\5.0.0\System.IO.Pipes.dll</ModulePath>
      <ModuleTime>2020-10-19T22:15:24Z</ModuleTime>
      <ModuleName>System.IO.Pipes</ModuleName>
      <Classes />
    </Module>
    <Module skippedDueTo="Filter" hash="44-DC-AC-10-11-A8-87-47-18-29-D4-08-91-38-B9-12-6E-70-8E-13">
      <ModulePath>c:\program files\dotnet\shared\Microsoft.NETCore.App\5.0.0\System.Text.Encoding.Extensions.dll</ModulePath>
      <ModuleTime>2020-10-19T22:15:36Z</ModuleTime>
      <ModuleName>System.Text.Encoding.Extensions</ModuleName>
      <Classes />
    </Module>
    <Module skippedDueTo="Filter" hash="F0-CD-D6-C0-87-46-40-59-37-7C-94-E7-38-49-15-28-5E-A2-F7-83">
      <ModulePath>c:\program files\dotnet\shared\Microsoft.NETCore.App\5.0.0\System.Security.AccessControl.dll</ModulePath>
      <ModuleTime>2020-10-19T22:14:44Z</ModuleTime>
      <ModuleName>System.Security.AccessControl</ModuleName>
      <Classes />
    </Module>
    <Module skippedDueTo="Filter" hash="A8-FD-C3-37-0F-70-7D-8E-82-B4-7E-54-4A-06-6C-FF-F6-8C-78-20">
      <ModulePath>c:\program files\dotnet\shared\Microsoft.NETCore.App\5.0.0\System.Security.Principal.Windows.dll</ModulePath>
      <ModuleTime>2020-10-19T22:15:14Z</ModuleTime>
      <ModuleName>System.Security.Principal.Windows</ModuleName>
      <Classes />
    </Module>
    <Module skippedDueTo="Filter" hash="F0-DC-58-89-16-46-9E-3B-B3-8A-A3-6A-ED-3F-2D-DB-98-9F-C1-D8">
      <ModulePath>c:\program files\dotnet\shared\Microsoft.NETCore.App\5.0.0\System.Security.Claims.dll</ModulePath>
      <ModuleTime>2020-10-19T22:14:44Z</ModuleTime>
      <ModuleName>System.Security.Claims</ModuleName>
      <Classes />
    </Module>
    <Module skippedDueTo="Filter" hash="E3-79-60-3F-E2-C2-06-19-1A-CB-44-3A-4E-89-DC-EB-9C-16-45-A9">
      <ModulePath>c:\program files\dotnet\shared\Microsoft.NETCore.App\5.0.0\System.Threading.Overlapped.dll</ModulePath>
      <ModuleTime>2020-10-19T22:15:12Z</ModuleTime>
      <ModuleName>System.Threading.Overlapped</ModuleName>
      <Classes />
    </Module>
    <Module skippedDueTo="Filter" hash="79-CE-21-28-C4-70-8F-51-25-40-5A-E2-6B-43-E6-0A-83-10-D6-AD">
      <ModulePath>c:\program files\dotnet\shared\Microsoft.NETCore.App\5.0.0\System.Threading.Thread.dll</ModulePath>
      <ModuleTime>2020-10-19T22:14:46Z</ModuleTime>
      <ModuleName>System.Threading.Thread</ModuleName>
      <Classes />
    </Module>
    <Module skippedDueTo="Filter" hash="E3-79-60-3F-E2-C2-06-19-1A-CB-44-3A-4E-89-DC-EB-9C-16-45-A9">
      <ModulePath>c:\program files\dotnet\shared\Microsoft.NETCore.App\5.0.0\System.Threading.Overlapped.dll</ModulePath>
      <ModuleTime>2020-10-19T22:15:12Z</ModuleTime>
      <ModuleName>System.Threading.Overlapped</ModuleName>
      <Classes />
    </Module>
    <Module skippedDueTo="Filter" hash="F0-CD-D6-C0-87-46-40-59-37-7C-94-E7-38-49-15-28-5E-A2-F7-83">
      <ModulePath>c:\program files\dotnet\shared\Microsoft.NETCore.App\5.0.0\System.Security.AccessControl.dll</ModulePath>
      <ModuleTime>2020-10-19T22:14:44Z</ModuleTime>
      <ModuleName>System.Security.AccessControl</ModuleName>
      <Classes />
    </Module>
    <Module skippedDueTo="Filter" hash="7F-66-7C-F4-50-74-4D-56-81-35-E9-E6-8A-AC-34-1A-C2-00-27-8A">
      <ModulePath>c:\program files\dotnet\shared\Microsoft.NETCore.App\5.0.0\System.Diagnostics.FileVersionInfo.dll</ModulePath>
      <ModuleTime>2020-10-19T22:14:26Z</ModuleTime>
      <ModuleName>System.Diagnostics.FileVersionInfo</ModuleName>
      <Classes />
    </Module>
    <Module skippedDueTo="Filter" hash="A8-FD-C3-37-0F-70-7D-8E-82-B4-7E-54-4A-06-6C-FF-F6-8C-78-20">
      <ModulePath>c:\program files\dotnet\shared\Microsoft.NETCore.App\5.0.0\System.Security.Principal.Windows.dll</ModulePath>
      <ModuleTime>2020-10-19T22:15:14Z</ModuleTime>
      <ModuleName>System.Security.Principal.Windows</ModuleName>
      <Classes />
    </Module>
    <Module skippedDueTo="Filter" hash="F0-DC-58-89-16-46-9E-3B-B3-8A-A3-6A-ED-3F-2D-DB-98-9F-C1-D8">
      <ModulePath>c:\program files\dotnet\shared\Microsoft.NETCore.App\5.0.0\System.Security.Claims.dll</ModulePath>
      <ModuleTime>2020-10-19T22:14:44Z</ModuleTime>
      <ModuleName>System.Security.Claims</ModuleName>
      <Classes />
    </Module>
    <Module skippedDueTo="Filter" hash="3F-70-05-4C-4B-E7-58-77-DC-FE-A7-90-33-1B-5B-A0-4B-B6-8E-C1">
      <ModulePath>c:\program files\dotnet\shared\Microsoft.NETCore.App\5.0.0\System.ObjectModel.dll</ModulePath>
      <ModuleTime>2020-10-19T22:15:10Z</ModuleTime>
      <ModuleName>System.ObjectModel</ModuleName>
      <Classes />
    </Module>
    <Module skippedDueTo="Filter" hash="31-11-DC-7F-66-1D-38-1E-18-BC-30-FE-B0-88-E8-07-77-79-9F-34">
      <ModulePath>c:\program files\dotnet\shared\Microsoft.NETCore.App\5.0.0\System.Threading.Tasks.Dataflow.dll</ModulePath>
      <ModuleTime>2020-10-19T22:15:14Z</ModuleTime>
      <ModuleName>System.Threading.Tasks.Dataflow</ModuleName>
      <Classes />
    </Module>
    <Module skippedDueTo="Filter" hash="AE-17-29-D5-95-9C-B5-59-32-6A-CA-48-80-36-08-44-BD-1F-7A-02">
      <ModulePath>c:\program files\dotnet\shared\Microsoft.NETCore.App\5.0.0\System.Runtime.Loader.dll</ModulePath>
      <ModuleTime>2020-10-19T22:14:40Z</ModuleTime>
      <ModuleName>System.Runtime.Loader</ModuleName>
      <Classes />
    </Module>
    <Module skippedDueTo="MissingPdb" hash="FB-C7-1B-DB-BA-A8-01-3F-25-40-60-E9-C3-73-BA-69-17-20-F2-B0">
      <ModulePath>c:\program files\dotnet\sdk\5.0.100\dotnet.dll</ModulePath>
      <ModuleTime>2020-10-27T06:54:26Z</ModuleTime>
      <ModuleName>dotnet</ModuleName>
      <Classes />
    </Module>
    <Module skippedDueTo="Filter" hash="0E-9C-61-9C-9D-8D-CF-3C-5C-0F-A3-D0-9B-30-7F-A5-6D-6A-0B-FD">
      <ModulePath>c:\program files\dotnet\shared\Microsoft.NETCore.App\5.0.0\System.Collections.Immutable.dll</ModulePath>
      <ModuleTime>2020-10-19T22:14:22Z</ModuleTime>
      <ModuleName>System.Collections.Immutable</ModuleName>
      <Classes />
    </Module>
    <Module skippedDueTo="MissingPdb" hash="4B-C5-A2-D8-A5-B4-0D-CF-53-77-11-B2-64-3D-D4-85-02-66-59-46">
      <ModulePath>c:\program files\dotnet\sdk\5.0.100\Microsoft.DotNet.Configurer.dll</ModulePath>
      <ModuleTime>2020-10-27T06:54:28Z</ModuleTime>
      <ModuleName>Microsoft.DotNet.Configurer</ModuleName>
      <Classes />
    </Module>
    <Module skippedDueTo="Filter" hash="E6-91-D6-DF-B4-48-7B-00-38-A8-60-9F-A2-B6-72-6E-63-BA-2C-FA">
      <ModulePath>c:\program files\dotnet\shared\Microsoft.NETCore.App\5.0.0\System.Resources.ResourceManager.dll</ModulePath>
      <ModuleTime>2020-10-19T22:14:38Z</ModuleTime>
      <ModuleName>System.Resources.ResourceManager</ModuleName>
      <Classes />
    </Module>
    <Module skippedDueTo="MissingPdb" hash="B1-1A-2D-44-BE-D5-59-0D-92-DD-13-1F-F2-53-B5-8E-D3-A1-F2-63">
      <ModulePath>c:\program files\dotnet\sdk\5.0.100\pt-BR\Microsoft.Build.resources.dll</ModulePath>
      <ModuleTime>2020-10-20T23:39:36Z</ModuleTime>
      <ModuleName>Microsoft.Build.resources</ModuleName>
      <Classes />
    </Module>
    <Module skippedDueTo="Filter" hash="C1-F4-E2-BA-BB-2B-A3-43-6D-4E-D6-AA-3D-E8-C1-88-F2-6A-54-06">
      <ModulePath>c:\program files\dotnet\shared\Microsoft.NETCore.App\5.0.0\System.Xml.ReaderWriter.dll</ModulePath>
      <ModuleTime>2020-10-19T22:14:38Z</ModuleTime>
      <ModuleName>System.Xml.ReaderWriter</ModuleName>
      <Classes />
    </Module>
    <Module skippedDueTo="Filter" hash="99-1B-9F-BB-17-7F-2A-55-29-95-D9-35-BE-3F-62-FA-41-B5-C4-2C">
      <ModulePath>c:\program files\dotnet\shared\Microsoft.NETCore.App\5.0.0\System.Private.Xml.dll</ModulePath>
      <ModuleTime>2020-10-19T22:16:24Z</ModuleTime>
      <ModuleName>System.Private.Xml</ModuleName>
      <Classes />
    </Module>
    <Module skippedDueTo="Filter" hash="C3-2B-92-9F-4D-3A-C7-2A-07-6F-D0-DC-E3-F0-AD-2D-5E-87-06-A6">
      <ModulePath>c:\program files\dotnet\shared\Microsoft.NETCore.App\5.0.0\System.Security.Cryptography.Algorithms.dll</ModulePath>
      <ModuleTime>2020-10-19T22:16:22Z</ModuleTime>
      <ModuleName>System.Security.Cryptography.Algorithms</ModuleName>
      <Classes />
    </Module>
    <Module skippedDueTo="Filter" hash="F7-C6-A8-BF-69-A6-DD-46-D4-EC-3B-18-95-68-C4-E1-4E-EE-44-9F">
      <ModulePath>c:\program files\dotnet\shared\Microsoft.NETCore.App\5.0.0\System.Private.Uri.dll</ModulePath>
      <ModuleTime>2020-10-19T22:17:04Z</ModuleTime>
      <ModuleName>System.Private.Uri</ModuleName>
      <Classes />
    </Module>
    <Module skippedDueTo="MissingPdb" hash="88-0F-01-F6-E3-30-D2-FA-BC-C6-39-76-FD-2D-73-C9-7C-D8-D6-7B">
      <ModulePath>c:\program files\dotnet\shared\Microsoft.NETCore.App\5.0.0\Microsoft.Win32.Registry.dll</ModulePath>
      <ModuleTime>2020-10-19T22:14:58Z</ModuleTime>
      <ModuleName>Microsoft.Win32.Registry</ModuleName>
      <Classes />
    </Module>
    <Module skippedDueTo="Filter" hash="5C-EB-AB-AF-DA-D4-1E-AB-16-8E-1B-51-EB-F3-AC-16-FD-03-A2-71">
      <ModulePath>c:\program files\dotnet\shared\Microsoft.NETCore.App\5.0.0\System.Diagnostics.TraceSource.dll</ModulePath>
      <ModuleTime>2020-10-19T22:15:26Z</ModuleTime>
      <ModuleName>System.Diagnostics.TraceSource</ModuleName>
      <Classes />
    </Module>
    <Module skippedDueTo="Filter" hash="2F-6B-D8-A5-2F-02-92-F5-50-A8-39-39-1F-DA-82-4F-9E-78-85-4C">
      <ModulePath>c:\program files\dotnet\shared\Microsoft.NETCore.App\5.0.0\System.Threading.Tasks.Parallel.dll</ModulePath>
      <ModuleTime>2020-10-19T22:16:00Z</ModuleTime>
      <ModuleName>System.Threading.Tasks.Parallel</ModuleName>
      <Classes />
    </Module>
    <Module skippedDueTo="MissingPdb" hash="9C-DE-4A-6F-DA-8F-EB-91-B5-6F-CF-3B-72-64-B3-33-75-62-3A-C0">
      <ModulePath>c:\program files\dotnet\sdk\5.0.100\NuGet.Frameworks.dll</ModulePath>
      <ModuleTime>2020-10-27T06:54:12Z</ModuleTime>
      <ModuleName>NuGet.Frameworks</ModuleName>
      <Classes />
    </Module>
    <Module skippedDueTo="MissingPdb" hash="73-0A-29-BE-43-AB-AA-5B-86-2D-1E-A8-7F-D0-BC-D4-ED-17-BE-94">
      <ModulePath>c:\program files\dotnet\sdk\5.0.100\Microsoft.Build.Utilities.Core.dll</ModulePath>
      <ModuleTime>2020-10-27T06:54:28Z</ModuleTime>
      <ModuleName>Microsoft.Build.Utilities.Core</ModuleName>
      <Classes />
    </Module>
    <Module skippedDueTo="Filter" hash="30-99-38-E2-F4-CD-CE-AE-B8-89-59-70-5A-F6-06-BA-95-C2-5B-FA">
      <ModulePath>c:\program files\dotnet\shared\Microsoft.NETCore.App\5.0.0\System.Reflection.Emit.ILGeneration.dll</ModulePath>
      <ModuleTime>2020-10-19T22:15:10Z</ModuleTime>
      <ModuleName>System.Reflection.Emit.ILGeneration</ModuleName>
      <Classes />
    </Module>
    <Module skippedDueTo="Filter" hash="ED-97-C1-EA-4B-0E-45-F5-E4-DC-BB-B9-E1-59-1E-5C-78-C0-75-7A">
      <ModulePath>c:\program files\dotnet\shared\Microsoft.NETCore.App\5.0.0\System.Reflection.Emit.Lightweight.dll</ModulePath>
      <ModuleTime>2020-10-19T22:15:36Z</ModuleTime>
      <ModuleName>System.Reflection.Emit.Lightweight</ModuleName>
      <Classes />
    </Module>
    <Module skippedDueTo="Filter" hash="82-DC-BF-37-4B-57-93-28-10-3E-53-BC-F6-1C-13-38-EF-75-F4-33">
      <ModulePath>c:\program files\dotnet\shared\Microsoft.NETCore.App\5.0.0\System.Reflection.Primitives.dll</ModulePath>
      <ModuleTime>2020-10-19T22:14:42Z</ModuleTime>
      <ModuleName>System.Reflection.Primitives</ModuleName>
      <Classes />
    </Module>
    <Module skippedDueTo="Filter" hash="9E-9A-F7-73-EC-34-46-28-02-03-92-5B-1F-F3-3F-72-FB-44-58-B8">
      <ModulePath>c:\program files\dotnet\shared\Microsoft.NETCore.App\5.0.0\System.Runtime.Serialization.Formatters.dll</ModulePath>
      <ModuleTime>2020-10-19T22:15:12Z</ModuleTime>
      <ModuleName>System.Runtime.Serialization.Formatters</ModuleName>
      <Classes />
    </Module>
    <Module skippedDueTo="Filter" hash="9E-9A-F7-73-EC-34-46-28-02-03-92-5B-1F-F3-3F-72-FB-44-58-B8">
      <ModulePath>c:\program files\dotnet\shared\Microsoft.NETCore.App\5.0.0\System.Runtime.Serialization.Formatters.dll</ModulePath>
      <ModuleTime>2020-10-19T22:15:12Z</ModuleTime>
      <ModuleName>System.Runtime.Serialization.Formatters</ModuleName>
      <Classes />
    </Module>
    <Module skippedDueTo="MissingPdb" hash="3F-E3-46-DB-21-87-3E-75-33-9B-45-53-94-0A-E7-24-36-DF-5D-EB">
      <ModulePath>c:\program files\dotnet\sdk\5.0.100\pt-BR\NuGet.Build.Tasks.resources.dll</ModulePath>
      <ModuleTime>2020-10-24T07:30:58Z</ModuleTime>
      <ModuleName>NuGet.Build.Tasks.resources</ModuleName>
      <Classes />
    </Module>
    <Module skippedDueTo="MissingPdb" hash="E9-F5-E9-D4-E8-F6-BF-B7-C4-45-A2-3F-D7-70-04-F6-6D-34-F6-95">
      <ModulePath>c:\program files\dotnet\sdk\5.0.100\Microsoft.Build.Tasks.Core.dll</ModulePath>
      <ModuleTime>2020-10-27T06:54:26Z</ModuleTime>
      <ModuleName>Microsoft.Build.Tasks.Core</ModuleName>
      <Classes />
    </Module>
    <Module skippedDueTo="Filter" hash="BF-AA-61-8A-B0-02-BA-05-7B-72-14-27-97-9F-10-82-F5-2A-FC-3E">
      <ModulePath>c:\program files\dotnet\shared\Microsoft.NETCore.App\5.0.0\System.Threading.ThreadPool.dll</ModulePath>
      <ModuleTime>2020-10-19T22:15:12Z</ModuleTime>
      <ModuleName>System.Threading.ThreadPool</ModuleName>
      <Classes />
    </Module>
    <Module skippedDueTo="MissingPdb" hash="AD-50-D8-10-F8-F3-3A-61-1C-80-E3-54-4A-BA-94-7F-65-9C-F9-BE">
      <ModulePath>c:\program files\dotnet\sdk\5.0.100\Sdks\Microsoft.NET.Sdk\tools\net5.0\Microsoft.NET.Build.Tasks.dll</ModulePath>
      <ModuleTime>2020-10-27T06:54:58Z</ModuleTime>
      <ModuleName>Microsoft.NET.Build.Tasks</ModuleName>
      <Classes />
    </Module>
    <Module skippedDueTo="MissingPdb" hash="AD-50-D8-10-F8-F3-3A-61-1C-80-E3-54-4A-BA-94-7F-65-9C-F9-BE">
      <ModulePath>c:\program files\dotnet\sdk\5.0.100\Sdks\Microsoft.NET.Sdk\tools\net5.0\Microsoft.NET.Build.Tasks.dll</ModulePath>
      <ModuleTime>2020-10-27T06:54:58Z</ModuleTime>
      <ModuleName>Microsoft.NET.Build.Tasks</ModuleName>
      <Classes />
    </Module>
    <Module skippedDueTo="MissingPdb" hash="9C-DE-4A-6F-DA-8F-EB-91-B5-6F-CF-3B-72-64-B3-33-75-62-3A-C0">
      <ModulePath>c:\program files\dotnet\sdk\5.0.100\NuGet.Frameworks.dll</ModulePath>
      <ModuleTime>2020-10-27T06:54:12Z</ModuleTime>
      <ModuleName>NuGet.Frameworks</ModuleName>
      <Classes />
    </Module>
    <Module skippedDueTo="MissingPdb" hash="9C-DE-4A-6F-DA-8F-EB-91-B5-6F-CF-3B-72-64-B3-33-75-62-3A-C0">
      <ModulePath>c:\program files\dotnet\sdk\5.0.100\NuGet.Frameworks.dll</ModulePath>
      <ModuleTime>2020-10-27T06:54:12Z</ModuleTime>
      <ModuleName>NuGet.Frameworks</ModuleName>
      <Classes />
    </Module>
    <Module skippedDueTo="MissingPdb" hash="B6-00-CE-E4-49-B7-9A-94-61-36-F8-39-6B-39-94-07-D5-80-EF-39">
      <ModulePath>c:\program files\dotnet\sdk\5.0.100\NuGet.Packaging.dll</ModulePath>
      <ModuleTime>2020-10-27T06:54:16Z</ModuleTime>
      <ModuleName>NuGet.Packaging</ModuleName>
      <Classes />
    </Module>
    <Module skippedDueTo="MissingPdb" hash="53-C0-41-0B-EE-BD-C8-EB-50-67-F5-64-3A-0B-63-8F-86-BD-D9-E3">
      <ModulePath>c:\program files\dotnet\sdk\5.0.100\Newtonsoft.Json.dll</ModulePath>
      <ModuleTime>2020-10-27T06:54:34Z</ModuleTime>
      <ModuleName>Newtonsoft.Json</ModuleName>
      <Classes />
    </Module>
    <Module skippedDueTo="MissingPdb" hash="86-42-3D-4D-06-1C-06-EA-B7-93-11-7E-BB-E2-BF-EE-2D-32-12-4A">
      <ModulePath>c:\program files\dotnet\sdk\5.0.100\NuGet.Build.Tasks.dll</ModulePath>
      <ModuleTime>2020-10-27T06:54:14Z</ModuleTime>
      <ModuleName>NuGet.Build.Tasks</ModuleName>
      <Classes />
    </Module>
    <Module skippedDueTo="MissingPdb" hash="4B-0C-5E-6A-B8-F7-1C-B6-D1-91-F8-FF-F9-3C-D2-A6-C8-C7-F7-28">
      <ModulePath>c:\program files\dotnet\sdk\5.0.100\NuGet.Common.dll</ModulePath>
      <ModuleTime>2020-10-27T06:53:30Z</ModuleTime>
      <ModuleName>NuGet.Common</ModuleName>
      <Classes />
    </Module>
    <Module skippedDueTo="MissingPdb" hash="7E-1F-E8-27-6B-C5-62-72-45-51-40-5C-6F-E3-2A-FA-62-41-02-36">
      <ModulePath>c:\program files\dotnet\sdk\5.0.100\NuGet.Commands.dll</ModulePath>
      <ModuleTime>2020-10-27T06:54:12Z</ModuleTime>
      <ModuleName>NuGet.Commands</ModuleName>
      <Classes />
    </Module>
    <Module skippedDueTo="MissingPdb" hash="3C-F4-1F-4E-BA-A1-03-E1-1A-76-8D-18-EE-1E-72-23-2D-2B-7D-F4">
      <ModulePath>c:\program files\dotnet\sdk\5.0.100\NuGet.ProjectModel.dll</ModulePath>
      <ModuleTime>2020-10-27T06:54:14Z</ModuleTime>
      <ModuleName>NuGet.ProjectModel</ModuleName>
      <Classes />
    </Module>
    <Module skippedDueTo="Filter" hash="70-0E-84-D7-F1-73-94-BF-52-15-A6-C5-6F-7B-C6-A2-15-E3-0A-60">
      <ModulePath>c:\program files\dotnet\shared\Microsoft.NETCore.App\5.0.0\System.Linq.Expressions.dll</ModulePath>
      <ModuleTime>2020-10-19T22:14:32Z</ModuleTime>
      <ModuleName>System.Linq.Expressions</ModuleName>
      <Classes />
    </Module>
    <Module skippedDueTo="Filter" hash="F5-68-48-94-73-26-92-0E-C6-E3-AB-4E-50-46-35-82-D4-8E-9F-73">
      <ModulePath>c:\program files\dotnet\shared\Microsoft.NETCore.App\5.0.0\System.ComponentModel.TypeConverter.dll</ModulePath>
      <ModuleTime>2020-10-19T22:15:26Z</ModuleTime>
      <ModuleName>System.ComponentModel.TypeConverter</ModuleName>
      <Classes />
    </Module>
    <Module skippedDueTo="Filter" hash="55-45-30-E3-65-51-66-BC-74-30-06-0E-AD-50-05-6D-00-B1-C0-D5">
      <ModulePath>c:\program files\dotnet\shared\Microsoft.NETCore.App\5.0.0\System.Collections.NonGeneric.dll</ModulePath>
      <ModuleTime>2020-10-19T22:14:56Z</ModuleTime>
      <ModuleName>System.Collections.NonGeneric</ModuleName>
      <Classes />
    </Module>
    <Module skippedDueTo="Filter" hash="8A-1E-69-0B-E8-D3-19-17-71-B9-4F-37-39-43-B0-6E-79-BE-BE-35">
      <ModulePath>c:\program files\dotnet\shared\Microsoft.NETCore.App\5.0.0\System.Runtime.Numerics.dll</ModulePath>
      <ModuleTime>2020-10-19T22:16:22Z</ModuleTime>
      <ModuleName>System.Runtime.Numerics</ModuleName>
      <Classes />
    </Module>
    <Module skippedDueTo="MissingPdb" hash="88-11-DE-76-FB-F4-9A-6A-02-B8-66-10-F5-56-A7-DD-DD-70-6D-19">
      <ModulePath>c:\program files\dotnet\sdk\5.0.100\NuGet.Configuration.dll</ModulePath>
      <ModuleTime>2020-10-27T06:54:10Z</ModuleTime>
      <ModuleName>NuGet.Configuration</ModuleName>
      <Classes />
    </Module>
    <Module skippedDueTo="Filter" hash="17-8A-8C-21-F5-73-E0-8E-A7-ED-33-98-EE-86-23-75-50-77-55-78">
      <ModulePath>c:\program files\dotnet\shared\Microsoft.NETCore.App\5.0.0\System.Xml.XDocument.dll</ModulePath>
      <ModuleTime>2020-10-19T22:14:16Z</ModuleTime>
      <ModuleName>System.Xml.XDocument</ModuleName>
      <Classes />
    </Module>
    <Module skippedDueTo="Filter" hash="38-89-E3-4F-72-A3-0F-CF-54-EC-94-74-EB-6E-E5-94-92-0E-40-AF">
      <ModulePath>c:\program files\dotnet\shared\Microsoft.NETCore.App\5.0.0\System.Private.Xml.Linq.dll</ModulePath>
      <ModuleTime>2020-10-19T22:15:10Z</ModuleTime>
      <ModuleName>System.Private.Xml.Linq</ModuleName>
      <Classes />
    </Module>
    <Module skippedDueTo="Filter" hash="A3-A3-1D-73-B0-90-BB-F1-73-87-2B-22-AD-06-83-00-1E-C2-A3-E6">
      <ModulePath>c:\program files\dotnet\shared\Microsoft.NETCore.App\5.0.0\System.Security.Cryptography.Primitives.dll</ModulePath>
      <ModuleTime>2020-10-19T22:14:44Z</ModuleTime>
      <ModuleName>System.Security.Cryptography.Primitives</ModuleName>
      <Classes />
    </Module>
    <Module skippedDueTo="MissingPdb" hash="88-11-DE-76-FB-F4-9A-6A-02-B8-66-10-F5-56-A7-DD-DD-70-6D-19">
      <ModulePath>c:\program files\dotnet\sdk\5.0.100\NuGet.Configuration.dll</ModulePath>
      <ModuleTime>2020-10-27T06:54:10Z</ModuleTime>
      <ModuleName>NuGet.Configuration</ModuleName>
      <Classes />
    </Module>
    <Module skippedDueTo="Filter" hash="80-A2-B0-AE-0B-81-09-F9-40-35-0C-64-60-6E-42-AE-D4-8F-4B-04">
      <ModulePath>c:\program files\dotnet\shared\Microsoft.NETCore.App\5.0.0\System.Security.Cryptography.X509Certificates.dll</ModulePath>
      <ModuleTime>2020-10-19T22:15:38Z</ModuleTime>
      <ModuleName>System.Security.Cryptography.X509Certificates</ModuleName>
      <Classes />
    </Module>
    <Module skippedDueTo="Filter" hash="80-A2-B0-AE-0B-81-09-F9-40-35-0C-64-60-6E-42-AE-D4-8F-4B-04">
      <ModulePath>c:\program files\dotnet\shared\Microsoft.NETCore.App\5.0.0\System.Security.Cryptography.X509Certificates.dll</ModulePath>
      <ModuleTime>2020-10-19T22:15:38Z</ModuleTime>
[...]
      <ModulePath>c:\program files\dotnet\shared\Microsoft.NETCore.App\5.0.0\System.Numerics.Vectors.dll</ModulePath>
      <ModuleTime>2020-10-19T22:14:38Z</ModuleTime>
      <ModuleName>System.Numerics.Vectors</ModuleName>
      <Classes />
    </Module>
    <Module skippedDueTo="Filter" hash="3B-F2-28-12-82-63-16-BC-43-78-F7-18-C8-09-A7-80-55-8E-15-1E">
      <ModulePath>c:\program files\dotnet\shared\Microsoft.NETCore.App\5.0.0\System.Numerics.dll</ModulePath>
      <ModuleTime>2020-10-19T22:15:38Z</ModuleTime>
      <ModuleName>System.Numerics</ModuleName>
      <Classes />
    </Module>
    <Module skippedDueTo="Filter" hash="7E-5F-6E-50-94-F2-47-5F-B2-19-56-8B-03-55-E5-28-B6-F0-09-6E">
      <ModulePath>c:\program files\dotnet\shared\Microsoft.NETCore.App\5.0.0\System.Reflection.DispatchProxy.dll</ModulePath>
      <ModuleTime>2020-10-19T22:14:38Z</ModuleTime>
      <ModuleName>System.Reflection.DispatchProxy</ModuleName>
      <Classes />
    </Module>
    <Module skippedDueTo="Filter" hash="19-75-35-34-88-E7-D5-F8-01-3F-88-96-7C-89-3F-45-DB-72-D4-7D">
      <ModulePath>c:\program files\dotnet\shared\Microsoft.NETCore.App\5.0.0\System.Reflection.Emit.dll</ModulePath>
      <ModuleTime>2020-10-19T22:14:40Z</ModuleTime>
      <ModuleName>System.Reflection.Emit</ModuleName>
      <Classes />
    </Module>
    <Module skippedDueTo="Filter" hash="19-E9-57-CB-9B-15-F5-F9-59-B5-7B-BD-BA-07-83-B2-AB-AC-46-9B">
      <ModulePath>c:\program files\dotnet\shared\Microsoft.NETCore.App\5.0.0\System.Reflection.TypeExtensions.dll</ModulePath>
      <ModuleTime>2020-10-19T22:16:00Z</ModuleTime>
      <ModuleName>System.Reflection.TypeExtensions</ModuleName>
      <Classes />
    </Module>
    <Module skippedDueTo="Filter" hash="2D-32-E3-EF-4A-A6-11-BC-83-A8-25-39-07-9E-40-C3-EA-55-87-9A">
      <ModulePath>c:\program files\dotnet\shared\Microsoft.NETCore.App\5.0.0\System.Resources.Reader.dll</ModulePath>
      <ModuleTime>2020-10-19T22:15:10Z</ModuleTime>
      <ModuleName>System.Resources.Reader</ModuleName>
      <Classes />
    </Module>
    <Module skippedDueTo="Filter" hash="E6-91-D6-DF-B4-48-7B-00-38-A8-60-9F-A2-B6-72-6E-63-BA-2C-FA">
      <ModulePath>c:\program files\dotnet\shared\Microsoft.NETCore.App\5.0.0\System.Resources.ResourceManager.dll</ModulePath>
      <ModuleTime>2020-10-19T22:14:38Z</ModuleTime>
      <ModuleName>System.Resources.ResourceManager</ModuleName>
      <Classes />
    </Module>
    <Module skippedDueTo="Filter" hash="EE-40-9F-8B-0D-64-E1-CE-4C-05-AE-2C-B1-A3-B0-24-99-77-0F-8A">
      <ModulePath>c:\program files\dotnet\shared\Microsoft.NETCore.App\5.0.0\System.Resources.Writer.dll</ModulePath>
      <ModuleTime>2020-10-19T22:14:40Z</ModuleTime>
      <ModuleName>System.Resources.Writer</ModuleName>
      <Classes />
    </Module>
    <Module skippedDueTo="Filter" hash="BF-EF-37-A7-B4-D7-5C-5C-1D-E1-92-D8-0D-8F-34-EF-BD-3B-53-0A">
      <ModulePath>c:\program files\dotnet\shared\Microsoft.NETCore.App\5.0.0\System.Runtime.CompilerServices.Unsafe.dll</ModulePath>
      <ModuleTime>2020-10-19T22:15:08Z</ModuleTime>
      <ModuleName>System.Runtime.CompilerServices.Unsafe</ModuleName>
      <Classes />
    </Module>
    <Module skippedDueTo="Filter" hash="70-C8-E7-97-0E-A3-DD-4B-5C-3C-28-AB-0F-D2-51-DD-4C-AC-41-60">
      <ModulePath>c:\program files\dotnet\shared\Microsoft.NETCore.App\5.0.0\System.Runtime.CompilerServices.VisualC.dll</ModulePath>
      <ModuleTime>2020-10-19T22:14:40Z</ModuleTime>
      <ModuleName>System.Runtime.CompilerServices.VisualC</ModuleName>
      <Classes />
    </Module>
    <Module skippedDueTo="Filter" hash="7F-33-15-DA-D5-E3-62-D2-FD-95-5D-C7-22-36-E2-65-D9-3E-96-D1">
      <ModulePath>c:\program files\dotnet\shared\Microsoft.NETCore.App\5.0.0\System.Runtime.Handles.dll</ModulePath>
      <ModuleTime>2020-10-19T22:16:00Z</ModuleTime>
      <ModuleName>System.Runtime.Handles</ModuleName>
      <Classes />
    </Module>
    <Module skippedDueTo="Filter" hash="7F-42-E4-7E-00-14-1A-E5-58-AC-1B-E2-F5-80-48-51-97-1D-B6-64">
      <ModulePath>c:\program files\dotnet\shared\Microsoft.NETCore.App\5.0.0\System.Security.Cryptography.Cng.dll</ModulePath>
      <ModuleTime>2020-10-19T22:16:00Z</ModuleTime>
      <ModuleName>System.Security.Cryptography.Cng</ModuleName>
      <Classes />
    </Module>
    <Module skippedDueTo="Filter" hash="CC-9F-F9-7B-2A-F0-2F-8C-F3-8E-2C-F3-FB-33-9A-99-0E-FB-82-EE">
      <ModulePath>c:\program files\dotnet\shared\Microsoft.NETCore.App\5.0.0\System.Security.Cryptography.Csp.dll</ModulePath>
      <ModuleTime>2020-10-19T22:15:12Z</ModuleTime>
      <ModuleName>System.Security.Cryptography.Csp</ModuleName>
      <Classes />
    </Module>
    <Module skippedDueTo="Filter" hash="C8-A8-C2-11-BF-60-C2-D6-E0-42-06-F7-5C-74-C2-22-CB-51-8E-11">
      <ModulePath>c:\program files\dotnet\shared\Microsoft.NETCore.App\5.0.0\System.Security.Cryptography.OpenSsl.dll</ModulePath>
      <ModuleTime>2020-10-19T22:14:44Z</ModuleTime>
      <ModuleName>System.Security.Cryptography.OpenSsl</ModuleName>
      <Classes />
    </Module>
    <Module skippedDueTo="Filter" hash="3C-C7-F9-C3-12-1B-E1-A6-02-81-E9-14-78-FA-40-9D-B7-4D-27-E0">
      <ModulePath>c:\program files\dotnet\shared\Microsoft.NETCore.App\5.0.0\System.Security.Principal.dll</ModulePath>
      <ModuleTime>2020-10-19T22:15:10Z</ModuleTime>
      <ModuleName>System.Security.Principal</ModuleName>
      <Classes />
    </Module>
    <Module skippedDueTo="Filter" hash="FF-7C-CA-A2-CD-47-D4-6A-1D-18-90-6F-C4-A8-F3-20-60-EC-CD-96">
      <ModulePath>c:\program files\dotnet\shared\Microsoft.NETCore.App\5.0.0\System.Security.SecureString.dll</ModulePath>
      <ModuleTime>2020-10-19T22:14:46Z</ModuleTime>
      <ModuleName>System.Security.SecureString</ModuleName>
      <Classes />
    </Module>
    <Module skippedDueTo="Filter" hash="CE-4E-D2-C9-C4-8F-6C-3F-FC-8E-3C-0E-2C-21-13-27-59-3B-4F-BA">
      <ModulePath>c:\program files\dotnet\shared\Microsoft.NETCore.App\5.0.0\System.Security.dll</ModulePath>
      <ModuleTime>2020-10-19T22:14:46Z</ModuleTime>
      <ModuleName>System.Security</ModuleName>
      <Classes />
    </Module>
    <Module skippedDueTo="Filter" hash="08-F8-8E-D5-9B-04-91-BE-09-79-76-47-5C-B4-18-C6-0F-D8-D6-FF">
      <ModulePath>c:\program files\dotnet\shared\Microsoft.NETCore.App\5.0.0\System.ServiceModel.Web.dll</ModulePath>
      <ModuleTime>2020-10-19T22:15:36Z</ModuleTime>
      <ModuleName>System.ServiceModel.Web</ModuleName>
      <Classes />
    </Module>
    <Module skippedDueTo="Filter" hash="C2-CF-77-8E-4F-F8-05-BC-B1-25-0C-05-CF-EF-0D-CD-B5-C2-11-FA">
      <ModulePath>c:\program files\dotnet\shared\Microsoft.NETCore.App\5.0.0\System.ServiceProcess.dll</ModulePath>
      <ModuleTime>2020-10-19T22:15:12Z</ModuleTime>
      <ModuleName>System.ServiceProcess</ModuleName>
      <Classes />
    </Module>
    <Module skippedDueTo="Filter" hash="B2-AB-E3-89-06-42-27-62-AF-0E-D1-C3-A5-E2-53-A2-82-16-0F-AB">
      <ModulePath>c:\program files\dotnet\shared\Microsoft.NETCore.App\5.0.0\System.Text.Encoding.CodePages.dll</ModulePath>
      <ModuleTime>2020-10-19T22:15:12Z</ModuleTime>
      <ModuleName>System.Text.Encoding.CodePages</ModuleName>
      <Classes />
    </Module>
    <Module skippedDueTo="Filter" hash="19-DA-6C-6C-01-5D-DD-90-34-95-A3-EA-21-C7-E4-A8-61-F2-02-E4">
      <ModulePath>c:\program files\dotnet\shared\Microsoft.NETCore.App\5.0.0\System.Text.Encoding.dll</ModulePath>
      <ModuleTime>2020-10-19T22:14:46Z</ModuleTime>
      <ModuleName>System.Text.Encoding</ModuleName>
      <Classes />
    </Module>
    <Module skippedDueTo="Filter" hash="D0-B5-4F-C5-1D-7A-5A-8D-4C-0D-C1-E5-8B-70-07-84-66-41-3A-17">
      <ModulePath>c:\program files\dotnet\shared\Microsoft.NETCore.App\5.0.0\System.Threading.Channels.dll</ModulePath>
      <ModuleTime>2020-10-19T22:15:12Z</ModuleTime>
      <ModuleName>System.Threading.Channels</ModuleName>
      <Classes />
    </Module>
    <Module skippedDueTo="Filter" hash="31-11-DC-7F-66-1D-38-1E-18-BC-30-FE-B0-88-E8-07-77-79-9F-34">
      <ModulePath>c:\program files\dotnet\shared\Microsoft.NETCore.App\5.0.0\System.Threading.Tasks.Dataflow.dll</ModulePath>
      <ModuleTime>2020-10-19T22:15:14Z</ModuleTime>
      <ModuleName>System.Threading.Tasks.Dataflow</ModuleName>
      <Classes />
    </Module>
    <Module skippedDueTo="Filter" hash="A6-F3-61-43-8D-A2-D3-FB-40-F3-D6-48-1C-3F-E5-A8-76-C9-E2-81">
      <ModulePath>c:\program files\dotnet\shared\Microsoft.NETCore.App\5.0.0\System.Threading.Tasks.Extensions.dll</ModulePath>
      <ModuleTime>2020-10-19T22:15:38Z</ModuleTime>
      <ModuleName>System.Threading.Tasks.Extensions</ModuleName>
      <Classes />
    </Module>
    <Module skippedDueTo="Filter" hash="2F-6B-D8-A5-2F-02-92-F5-50-A8-39-39-1F-DA-82-4F-9E-78-85-4C">
      <ModulePath>c:\program files\dotnet\shared\Microsoft.NETCore.App\5.0.0\System.Threading.Tasks.Parallel.dll</ModulePath>
      <ModuleTime>2020-10-19T22:16:00Z</ModuleTime>
      <ModuleName>System.Threading.Tasks.Parallel</ModuleName>
      <Classes />
    </Module>
    <Module skippedDueTo="Filter" hash="E0-93-91-F6-AE-0D-AE-6C-BE-E2-B8-98-6E-48-16-1B-EE-DD-32-7F">
      <ModulePath>c:\program files\dotnet\shared\Microsoft.NETCore.App\5.0.0\System.Threading.Timer.dll</ModulePath>
      <ModuleTime>2020-10-19T22:14:48Z</ModuleTime>
      <ModuleName>System.Threading.Timer</ModuleName>
      <Classes />
    </Module>
    <Module skippedDueTo="Filter" hash="94-6E-6F-D4-C2-DF-06-30-F3-36-8F-9D-B8-FD-52-91-9D-C8-D5-92">
      <ModulePath>c:\program files\dotnet\shared\Microsoft.NETCore.App\5.0.0\System.Transactions.dll</ModulePath>
      <ModuleTime>2020-10-19T22:15:38Z</ModuleTime>
      <ModuleName>System.Transactions</ModuleName>
      <Classes />
    </Module>
    <Module skippedDueTo="Filter" hash="2B-40-15-09-B6-7C-41-60-57-FD-98-F5-ED-E0-A0-46-1B-B7-70-C3">
      <ModulePath>c:\program files\dotnet\shared\Microsoft.NETCore.App\5.0.0\System.ValueTuple.dll</ModulePath>
      <ModuleTime>2020-10-19T22:15:12Z</ModuleTime>
      <ModuleName>System.ValueTuple</ModuleName>
      <Classes />
    </Module>
    <Module skippedDueTo="Filter" hash="0C-73-9B-C7-64-08-A5-8B-FF-A8-3A-73-62-CB-C8-FD-66-5B-9B-0E">
      <ModulePath>c:\program files\dotnet\shared\Microsoft.NETCore.App\5.0.0\System.Web.HttpUtility.dll</ModulePath>
      <ModuleTime>2020-10-19T22:14:16Z</ModuleTime>
      <ModuleName>System.Web.HttpUtility</ModuleName>
      <Classes />
    </Module>
    <Module skippedDueTo="Filter" hash="C1-F5-88-85-2C-C0-D5-83-25-B0-AF-4E-5E-8B-5F-BB-86-77-0D-AE">
      <ModulePath>c:\program files\dotnet\shared\Microsoft.NETCore.App\5.0.0\System.Web.dll</ModulePath>
      <ModuleTime>2020-10-19T22:14:48Z</ModuleTime>
      <ModuleName>System.Web</ModuleName>
      <Classes />
    </Module>
    <Module skippedDueTo="Filter" hash="C6-40-65-67-7E-74-9B-61-94-7E-91-FD-CA-CE-51-A0-E6-D3-D8-E7">
      <ModulePath>c:\program files\dotnet\shared\Microsoft.NETCore.App\5.0.0\System.Windows.dll</ModulePath>
      <ModuleTime>2020-10-19T22:14:16Z</ModuleTime>
      <ModuleName>System.Windows</ModuleName>
      <Classes />
    </Module>
    <Module skippedDueTo="Filter" hash="38-61-F8-AC-D2-54-B0-41-B7-CE-77-80-F5-28-9E-5C-E3-DF-F2-87">
      <ModulePath>c:\program files\dotnet\shared\Microsoft.NETCore.App\5.0.0\System.Xml.Linq.dll</ModulePath>
      <ModuleTime>2020-10-19T22:14:40Z</ModuleTime>
      <ModuleName>System.Xml.Linq</ModuleName>
      <Classes />
    </Module>
    <Module skippedDueTo="Filter" hash="B5-D0-1C-D4-2D-8B-EB-5B-AB-CC-75-09-98-40-3F-DE-99-0C-03-81">
      <ModulePath>c:\program files\dotnet\shared\Microsoft.NETCore.App\5.0.0\System.Xml.Serialization.dll</ModulePath>
      <ModuleTime>2020-10-19T22:15:42Z</ModuleTime>
      <ModuleName>System.Xml.Serialization</ModuleName>
      <Classes />
    </Module>
    <Module skippedDueTo="Filter" hash="CF-DD-6D-2F-FC-1B-AD-CE-F7-FC-F7-29-73-D1-99-8D-F0-9E-B2-53">
      <ModulePath>c:\program files\dotnet\shared\Microsoft.NETCore.App\5.0.0\System.Xml.XPath.XDocument.dll</ModulePath>
      <ModuleTime>2020-10-19T22:14:38Z</ModuleTime>
      <ModuleName>System.Xml.XPath.XDocument</ModuleName>
      <Classes />
    </Module>
    <Module skippedDueTo="Filter" hash="75-B3-61-B4-3B-24-79-B1-A3-0C-46-C1-69-5E-9B-E0-FA-44-68-A0">
      <ModulePath>c:\program files\dotnet\shared\Microsoft.NETCore.App\5.0.0\System.Xml.XPath.dll</ModulePath>
      <ModuleTime>2020-10-19T22:14:38Z</ModuleTime>
      <ModuleName>System.Xml.XPath</ModuleName>
      <Classes />
    </Module>
    <Module skippedDueTo="Filter" hash="3A-59-A3-F6-36-1B-61-37-C8-AA-D8-2E-71-26-11-DC-40-7C-B1-6E">
      <ModulePath>c:\program files\dotnet\shared\Microsoft.NETCore.App\5.0.0\System.Xml.XmlDocument.dll</ModulePath>
      <ModuleTime>2020-10-19T22:14:38Z</ModuleTime>
      <ModuleName>System.Xml.XmlDocument</ModuleName>
      <Classes />
    </Module>
    <Module skippedDueTo="MissingPdb" hash="97-78-9B-3A-3B-07-DB-14-83-89-84-92-59-CD-0C-DA-1B-49-E6-8A">
      <ModulePath>c:\program files\dotnet\shared\Microsoft.NETCore.App\5.0.0\WindowsBase.dll</ModulePath>
      <ModuleTime>2020-10-19T22:15:02Z</ModuleTime>
      <ModuleName>WindowsBase</ModuleName>
      <Classes />
    </Module>
    <Module hash="EB-81-D7-61-99-2A-B6-33-58-4C-F7-EC-D8-F7-84-37-43-D1-B1-36">
      <Summary numSequencePoints="0" visitedSequencePoints="0" numBranchPoints="0" visitedBranchPoints="0" sequenceCoverage="0" branchCoverage="0" maxCyclomaticComplexity="0" minCyclomaticComplexity="0" maxCrapScore="0" minCrapScore="0" visitedClasses="0" numClasses="0" visitedMethods="0" numMethods="0" />
      <ModulePath>C:\Users\DELL\source\repos\Armazenagem3L-API\Armazenagem-3LC__Tests\bin\Debug\net5.0\xunit.runner.reporters.netcoreapp10.dll</ModulePath>
      <ModuleTime>2018-10-29T07:17:08Z</ModuleTime>
      <ModuleName>xunit.runner.reporters.netcoreapp10</ModuleName>
      <Files />
      <Classes>
        <Class skippedDueTo="Filter">
          <FullName>&lt;Module&gt;</FullName>
          <Methods />
        </Class>
        <Class skippedDueTo="Filter">
          <FullName>Xunit.EnvironmentHelper</FullName>
          <Methods />
        </Class>
        <Class skippedDueTo="Filter">
          <FullName>Xunit.JsonArray</FullName>
          <Methods />
        </Class>
        <Class skippedDueTo="Filter">
          <FullName>Xunit.JsonBoolean</FullName>
          <Methods />
        </Class>
        <Class skippedDueTo="Filter">
          <FullName>Xunit.JsonBuffer</FullName>
          <Methods />
        </Class>
        <Class skippedDueTo="Filter">
          <FullName>Xunit.JsonDeserializer</FullName>
          <Methods />
        </Class>
        <Class skippedDueTo="Filter">
          <FullName>Xunit.JsonDeserializerException</FullName>
          <Methods />
        </Class>
        <Class skippedDueTo="Filter">
          <FullName>Xunit.JsonDeserializerResource</FullName>
          <Methods />
        </Class>
        <Class skippedDueTo="Filter">
          <FullName>Xunit.JsonNull</FullName>
          <Methods />
        </Class>
        <Class skippedDueTo="Filter">
          <FullName>Xunit.JsonNumber</FullName>
          <Methods />
        </Class>
        <Class skippedDueTo="Filter">
          <FullName>Xunit.JsonObject</FullName>
          <Methods />
        </Class>
        <Class skippedDueTo="Filter">
          <FullName>Xunit.JsonString</FullName>
          <Methods />
        </Class>
        <Class skippedDueTo="Filter">
          <FullName>Xunit.JsonValue</FullName>
          <Methods />
        </Class>
        <Class skippedDueTo="Filter">
          <FullName>Xunit.Sdk.XunitWorkerThread</FullName>
          <Methods />
        </Class>
        <Class skippedDueTo="Filter">
          <FullName>Xunit.Sdk.XunitWorkerThread/State</FullName>
          <Methods />
        </Class>
        <Class skippedDueTo="Filter">
          <FullName>Xunit.Sdk.XunitWorkerThread/&lt;&gt;c</FullName>
          <Methods />
        </Class>
        <Class skippedDueTo="Filter">
          <FullName>Xunit.Runner.Reporters.AppVeyorClient</FullName>
          <Methods />
        </Class>
        <Class skippedDueTo="Filter">
          <FullName>Xunit.Runner.Reporters.AppVeyorClient/&lt;&gt;c</FullName>
          <Methods />
        </Class>
        <Class skippedDueTo="Filter">
          <FullName>Xunit.Runner.Reporters.AppVeyorReporter</FullName>
          <Methods />
        </Class>
        <Class skippedDueTo="Filter">
          <FullName>Xunit.Runner.Reporters.AppVeyorReporterMessageHandler</FullName>
          <Methods />
        </Class>
        <Class skippedDueTo="Filter">
          <FullName>Xunit.Runner.Reporters.JsonExtentions</FullName>
          <Methods />
        </Class>
        <Class skippedDueTo="Delegate">
          <FullName>Xunit.Runner.Reporters.JsonExtentions/AddFields</FullName>
          <Methods />
        </Class>
        <Class skippedDueTo="Filter">
          <FullName>Xunit.Runner.Reporters.JsonExtentions/&lt;&gt;c</FullName>
          <Methods />
        </Class>
        <Class skippedDueTo="Filter">
          <FullName>Xunit.Runner.Reporters.JsonReporter</FullName>
          <Methods />
        </Class>
        <Class skippedDueTo="Filter">
          <FullName>Xunit.Runner.Reporters.JsonReporterMessageHandler</FullName>
          <Methods />
        </Class>
        <Class skippedDueTo="Filter">
          <FullName>Xunit.Runner.Reporters.JsonReporterMessageHandler/&lt;&gt;c</FullName>
          <Methods />
        </Class>
        <Class skippedDueTo="Filter">
          <FullName>Xunit.Runner.Reporters.JsonReporterMessageHandler/&lt;&gt;c__DisplayClass4_0</FullName>
          <Methods />
        </Class>
        <Class skippedDueTo="Filter">
          <FullName>Xunit.Runner.Reporters.QuietReporter</FullName>
          <Methods />
        </Class>
        <Class skippedDueTo="Filter">
          <FullName>Xunit.Runner.Reporters.QuietReporterMessageHandler</FullName>
          <Methods />
        </Class>
        <Class skippedDueTo="Filter">
          <FullName>Xunit.Runner.Reporters.TeamCityReporter</FullName>
          <Methods />
        </Class>
        <Class skippedDueTo="Filter">
          <FullName>Xunit.Runner.Reporters.TeamCityReporterMessageHandler</FullName>
          <Methods />
        </Class>
        <Class skippedDueTo="Filter">
          <FullName>Xunit.Runner.Reporters.TeamCityReporterMessageHandler/&lt;&gt;c</FullName>
          <Methods />
        </Class>
        <Class skippedDueTo="Filter">
          <FullName>Xunit.Runner.Reporters.TeamCityDisplayNameFormatter</FullName>
          <Methods />
        </Class>
        <Class skippedDueTo="Filter">
          <FullName>Xunit.Runner.Reporters.VerboseReporter</FullName>
          <Methods />
        </Class>
        <Class skippedDueTo="Filter">
          <FullName>Xunit.Runner.Reporters.VerboseReporterMessageHandler</FullName>
          <Methods />
        </Class>
        <Class skippedDueTo="Filter">
          <FullName>Xunit.Runner.Reporters.VstsClient</FullName>
          <Methods />
        </Class>
        <Class skippedDueTo="Filter">
          <FullName>Xunit.Runner.Reporters.VstsClient/&lt;&gt;c</FullName>
          <Methods />
        </Class>
        <Class skippedDueTo="Filter">
          <FullName>Xunit.Runner.Reporters.VstsReporter</FullName>
          <Methods />
        </Class>
        <Class skippedDueTo="Filter">
          <FullName>Xunit.Runner.Reporters.VstsReporterMessageHandler</FullName>
          <Methods />
        </Class>
      </Classes>
    </Module>
    <Module skippedDueTo="MissingPdb" hash="">
      <ModulePath>RefEmit_InMemoryManifestModule</ModulePath>
      <ModuleTime>0001-01-01T00:00:00</ModuleTime>
      <ModuleName>DynamicProxyGenAssembly2</ModuleName>
      <Classes />
    </Module>
  </Modules>
</CoverageSession>